#
# There is insufficient memory for the Java Runtime Environment to continue.
# Native memory allocation (mmap) failed to map 238026752 bytes for committing reserved memory.
# Possible reasons:
#   The system is out of physical RAM or swap space
#   The process is running with CompressedOops enabled, and the Java Heap may be blocking the growth of the native heap
# Possible solutions:
#   Reduce memory load on the system
#   Increase physical memory or swap space
#   Check if swap backing store is full
#   Decrease Java heap size (-Xmx/-Xms)
#   Decrease number of Java threads
#   Decrease Java thread stack sizes (-Xss)
#   Set larger code cache with -XX:ReservedCodeCacheSize=
#   JVM is running with Unscaled Compressed Oops mode in which the Java heap is
#     placed in the first 4GB address space. The Java Heap base address is the
#     maximum limit for the native heap growth. Please use -XX:HeapBaseMinAddress
#     to set the Java Heap base and to place the Java Heap above 4GB virtual address.
# This output file may be truncated or incomplete.
#
#  Out of Memory Error (os_linux.cpp:2893), pid=27019, tid=27026
#
# JRE version: OpenJDK Runtime Environment (11.0.4+11) (build 11.0.4+11-post-Ubuntu-1ubuntu218.04.3)
# Java VM: OpenJDK 64-Bit Server VM (11.0.4+11-post-Ubuntu-1ubuntu218.04.3, mixed mode, sharing, tiered, compressed oops, g1 gc, linux-amd64)
# Core dump will be written. Default location: Core dumps may be processed with "/usr/share/apport/apport %p %s %c %d %P" (or dumping to /home/czho/workthing/javathing/core.27019)
#

---------------  S U M M A R Y ------------

Command Line: -Xmx2G ./spigot/spigot-1.12.jar nogui

Host: Intel(R) Celeron(R) CPU  N3060  @ 1.60GHz, 2 cores, 3G, Linux Mint 19.1 Tessa
Time: Tue Sep 10 22:39:26 2019 CDT elapsed time: 51 seconds (0d 0h 0m 51s)

---------------  T H R E A D  ---------------

Current thread (0x00007f3cd8133800):  VMThread "VM Thread" [stack: 0x00007f3cb4ffb000,0x00007f3cb50fb000] [id=27026]

Stack: [0x00007f3cb4ffb000,0x00007f3cb50fb000],  sp=0x00007f3cb50f8ff0,  free space=1015k
Native frames: (J=compiled Java code, A=aot compiled Java code, j=interpreted, Vv=VM code, C=native code)
V  [libjvm.so+0xde4547]
V  [libjvm.so+0xde519b]
V  [libjvm.so+0x6511a5]
V  [libjvm.so+0xbbed38]
V  [libjvm.so+0xbb5ebd]
V  [libjvm.so+0x76f53f]
V  [libjvm.so+0x76f7ae]
V  [libjvm.so+0x77b820]
V  [libjvm.so+0x7f6969]
V  [libjvm.so+0x7f75c2]
V  [libjvm.so+0x7f7a29]
V  [libjvm.so+0x72de6f]
V  [libjvm.so+0x732b6a]
V  [libjvm.so+0xdf01e1]
V  [libjvm.so+0xdeeda8]
V  [libjvm.so+0xdec5e6]
V  [libjvm.so+0xdecaf0]
V  [libjvm.so+0xdecf23]
V  [libjvm.so+0xd7aeea]
V  [libjvm.so+0xbc4a5e]

VM_Operation (0x00007f3ce05cd500): G1CollectForAllocation, mode: safepoint, requested by thread 0x00007f3cd8012000


---------------  P R O C E S S  ---------------

Threads class SMR info:
_java_thread_list=0x00007f3cd89ba5c0, length=11, elements={
0x00007f3cd8012000, 0x00007f3cd8136000, 0x00007f3cd8138000, 0x00007f3cd813d800,
0x00007f3cd8140000, 0x00007f3cd8142000, 0x00007f3cd8144000, 0x00007f3cd8172800,
0x00007f3cd8177800, 0x00007f3cd8217000, 0x00007f3cd89b9800
}

Java Threads: ( => current thread )
  0x00007f3cd8012000 JavaThread "main" [_thread_blocked, id=27020, stack(0x00007f3ce04d3000,0x00007f3ce05d4000)]
  0x00007f3cd8136000 JavaThread "Reference Handler" daemon [_thread_blocked, id=27027, stack(0x00007f3cb4ef8000,0x00007f3cb4ff9000)]
  0x00007f3cd8138000 JavaThread "Finalizer" daemon [_thread_blocked, id=27028, stack(0x00007f3cb4df7000,0x00007f3cb4ef8000)]
  0x00007f3cd813d800 JavaThread "Signal Dispatcher" daemon [_thread_blocked, id=27029, stack(0x00007f3cb4a18000,0x00007f3cb4b19000)]
  0x00007f3cd8140000 JavaThread "C2 CompilerThread0" daemon [_thread_blocked, id=27031, stack(0x00007f3cb4917000,0x00007f3cb4a18000)]
  0x00007f3cd8142000 JavaThread "C1 CompilerThread0" daemon [_thread_blocked, id=27032, stack(0x00007f3cb4816000,0x00007f3cb4917000)]
  0x00007f3cd8144000 JavaThread "Sweeper thread" daemon [_thread_blocked, id=27033, stack(0x00007f3cb4715000,0x00007f3cb4816000)]
  0x00007f3cd8172800 JavaThread "Service Thread" daemon [_thread_blocked, id=27034, stack(0x00007f3cb4614000,0x00007f3cb4715000)]
  0x00007f3cd8177800 JavaThread "Common-Cleaner" daemon [_thread_blocked, id=27036, stack(0x00007f3cb4411000,0x00007f3cb4512000)]
  0x00007f3cd8217000 JavaThread "process reaper" daemon [_thread_blocked, id=27038, stack(0x00007f3ce0411000,0x00007f3ce0433000)]
  0x00007f3cd89b9800 JavaThread "Server-Worker-1" daemon [_thread_blocked, id=27088, stack(0x00007f3c7f4dc000,0x00007f3c7f5dd000)]

Other Threads:
=>0x00007f3cd8133800 VMThread "VM Thread" [stack: 0x00007f3cb4ffb000,0x00007f3cb50fb000] [id=27026]
  0x00007f3cd8175000 WatcherThread [stack: 0x00007f3cb4514000,0x00007f3cb4614000] [id=27035]
  0x00007f3cd8028800 GCTaskThread "GC Thread#0" [stack: 0x00007f3cdc4d6000,0x00007f3cdc5d6000] [id=27021]
  0x00007f3ca4001000 GCTaskThread "GC Thread#1" [stack: 0x00007f3cb4100000,0x00007f3cb4200000] [id=27081]
  0x00007f3cd805a800 ConcurrentGCThread "G1 Main Marker" [stack: 0x00007f3cdc1d2000,0x00007f3cdc2d2000] [id=27022]
  0x00007f3cd805c800 ConcurrentGCThread "G1 Conc#0" [stack: 0x00007f3cdc0d0000,0x00007f3cdc1d0000] [id=27023]
  0x00007f3cd8099800 ConcurrentGCThread "G1 Refine#0" [stack: 0x00007f3cb59ff000,0x00007f3cb5aff000] [id=27024]
  0x00007f3cd809b800 ConcurrentGCThread "G1 Young RemSet Sampling" [stack: 0x00007f3cb58fd000,0x00007f3cb59fd000] [id=27025]

Threads with active compile tasks:
C2 CompilerThread03912       4       com.mojang.datafixers.types.Type::opticView (85 bytes)

VM state:at safepoint (normal execution)

VM Mutex/Monitor currently owned by a thread:  ([mutex/lock_event])
[0x00007f3cd800e620] Threads_lock - owner thread: 0x00007f3cd8133800
[0x00007f3cd800ed70] Heap_lock - owner thread: 0x00007f3cd8012000

Heap address: 0x0000000080000000, size: 2048 MB, Compressed Oops mode: 32-bit
Narrow klass base: 0x0000000800000000, Narrow klass shift: 3
Compressed class space size: 1073741824 Address: 0x0000000840000000

Heap:
 garbage-first heap   total 517120K, used 64431K [0x0000000080000000, 0x0000000100000000)
  region size 1024K, 3 young (3072K), 3 survivors (3072K)
 Metaspace       used 32240K, capacity 33859K, committed 34224K, reserved 1079296K
  class space    used 4587K, capacity 5261K, committed 5376K, reserved 1048576K
Heap Regions: E=young(eden), S=young(survivor), O=old, HS=humongous(starts), HC=humongous(continues), CS=collection set, F=free, A=archive, TAMS=top-at-mark-start (previous, next)
|   0|0x0000000080000000, 0x0000000080100000, 0x0000000080100000|100%| O|  |TAMS 0x0000000080100000, 0x0000000080000000| Untracked 
|   1|0x0000000080100000, 0x0000000080200000, 0x0000000080200000|100%| O|  |TAMS 0x0000000080200000, 0x0000000080100000| Untracked 
|   2|0x0000000080200000, 0x0000000080300000, 0x0000000080300000|100%|HS|  |TAMS 0x0000000080300000, 0x0000000080200000| Complete 
|   3|0x0000000080300000, 0x0000000080400000, 0x0000000080400000|100%|HC|  |TAMS 0x0000000080400000, 0x0000000080300000| Complete 
|   4|0x0000000080400000, 0x0000000080500000, 0x0000000080500000|100%| O|  |TAMS 0x0000000080500000, 0x0000000080400000| Untracked 
|   5|0x0000000080500000, 0x0000000080600000, 0x0000000080600000|100%| O|  |TAMS 0x0000000080600000, 0x0000000080500000| Untracked 
|   6|0x0000000080600000, 0x0000000080700000, 0x0000000080700000|100%| O|  |TAMS 0x0000000080700000, 0x0000000080600000| Untracked 
|   7|0x0000000080700000, 0x0000000080800000, 0x0000000080800000|100%| O|  |TAMS 0x0000000080800000, 0x0000000080700000| Untracked 
|   8|0x0000000080800000, 0x0000000080900000, 0x0000000080900000|100%| O|  |TAMS 0x0000000080900000, 0x0000000080800000| Untracked 
|   9|0x0000000080900000, 0x0000000080a00000, 0x0000000080a00000|100%| O|  |TAMS 0x0000000080a00000, 0x0000000080900000| Untracked 
|  10|0x0000000080a00000, 0x0000000080b00000, 0x0000000080b00000|100%| O|  |TAMS 0x0000000080b00000, 0x0000000080a00000| Untracked 
|  11|0x0000000080b00000, 0x0000000080c00000, 0x0000000080c00000|100%| O|  |TAMS 0x0000000080c00000, 0x0000000080b00000| Untracked 
|  12|0x0000000080c00000, 0x0000000080d00000, 0x0000000080d00000|100%| O|  |TAMS 0x0000000080d00000, 0x0000000080c00000| Untracked 
|  13|0x0000000080d00000, 0x0000000080e00000, 0x0000000080e00000|100%| O|  |TAMS 0x0000000080e00000, 0x0000000080d00000| Untracked 
|  14|0x0000000080e00000, 0x0000000080f00000, 0x0000000080f00000|100%| O|  |TAMS 0x0000000080f00000, 0x0000000080e00000| Untracked 
|  15|0x0000000080f00000, 0x0000000081000000, 0x0000000081000000|100%| O|  |TAMS 0x0000000081000000, 0x0000000080f00000| Untracked 
|  16|0x0000000081000000, 0x0000000081100000, 0x0000000081100000|100%| O|  |TAMS 0x0000000081100000, 0x0000000081000000| Untracked 
|  17|0x0000000081100000, 0x0000000081200000, 0x0000000081200000|100%| O|  |TAMS 0x0000000081200000, 0x0000000081100000| Untracked 
|  18|0x0000000081200000, 0x0000000081300000, 0x0000000081300000|100%| O|  |TAMS 0x0000000081300000, 0x0000000081200000| Untracked 
|  19|0x0000000081300000, 0x0000000081400000, 0x0000000081400000|100%| O|  |TAMS 0x0000000081400000, 0x0000000081300000| Untracked 
|  20|0x0000000081400000, 0x0000000081500000, 0x0000000081500000|100%| O|  |TAMS 0x0000000081500000, 0x0000000081400000| Untracked 
|  21|0x0000000081500000, 0x0000000081600000, 0x0000000081600000|100%| O|  |TAMS 0x0000000081600000, 0x0000000081500000| Untracked 
|  22|0x0000000081600000, 0x0000000081700000, 0x0000000081700000|100%| O|  |TAMS 0x0000000081700000, 0x0000000081600000| Untracked 
|  23|0x0000000081700000, 0x0000000081800000, 0x0000000081800000|100%| O|  |TAMS 0x0000000081800000, 0x0000000081700000| Untracked 
|  24|0x0000000081800000, 0x0000000081900000, 0x0000000081900000|100%| O|  |TAMS 0x0000000081900000, 0x0000000081800000| Untracked 
|  25|0x0000000081900000, 0x0000000081a00000, 0x0000000081a00000|100%| O|  |TAMS 0x0000000081900000, 0x0000000081900000| Untracked 
|  26|0x0000000081a00000, 0x0000000081b00000, 0x0000000081b00000|100%| O|  |TAMS 0x0000000081b00000, 0x0000000081a00000| Untracked 
|  27|0x0000000081b00000, 0x0000000081c00000, 0x0000000081c00000|100%| O|  |TAMS 0x0000000081c00000, 0x0000000081b00000| Untracked 
|  28|0x0000000081c00000, 0x0000000081d00000, 0x0000000081d00000|100%| O|  |TAMS 0x0000000081d00000, 0x0000000081c00000| Untracked 
|  29|0x0000000081d00000, 0x0000000081e00000, 0x0000000081e00000|100%| O|  |TAMS 0x0000000081e00000, 0x0000000081d00000| Untracked 
|  30|0x0000000081e00000, 0x0000000081f00000, 0x0000000081f00000|100%| O|  |TAMS 0x0000000081f00000, 0x0000000081e00000| Untracked 
|  31|0x0000000081f00000, 0x0000000082000000, 0x0000000082000000|100%| O|  |TAMS 0x0000000081f8f600, 0x0000000081f00000| Untracked 
|  32|0x0000000082000000, 0x0000000082100000, 0x0000000082100000|100%| O|  |TAMS 0x0000000082000000, 0x0000000082000000| Untracked 
|  33|0x0000000082100000, 0x0000000082200000, 0x0000000082200000|100%| O|  |TAMS 0x0000000082100000, 0x0000000082100000| Untracked 
|  34|0x0000000082200000, 0x0000000082300000, 0x0000000082300000|100%| O|  |TAMS 0x0000000082200000, 0x0000000082200000| Untracked 
|  35|0x0000000082300000, 0x0000000082400000, 0x0000000082400000|100%| O|  |TAMS 0x0000000082300000, 0x0000000082300000| Untracked 
|  36|0x0000000082400000, 0x0000000082500000, 0x0000000082500000|100%| O|  |TAMS 0x0000000082400000, 0x0000000082400000| Untracked 
|  37|0x0000000082500000, 0x0000000082600000, 0x0000000082600000|100%| O|  |TAMS 0x0000000082500000, 0x0000000082500000| Untracked 
|  38|0x0000000082600000, 0x0000000082700000, 0x0000000082700000|100%| O|  |TAMS 0x0000000082600000, 0x0000000082600000| Untracked 
|  39|0x0000000082700000, 0x0000000082800000, 0x0000000082800000|100%| O|  |TAMS 0x0000000082700000, 0x0000000082700000| Untracked 
|  40|0x0000000082800000, 0x0000000082900000, 0x0000000082900000|100%| O|  |TAMS 0x0000000082800000, 0x0000000082800000| Untracked 
|  41|0x0000000082900000, 0x0000000082a00000, 0x0000000082a00000|100%| O|  |TAMS 0x0000000082900000, 0x0000000082900000| Untracked 
|  42|0x0000000082a00000, 0x0000000082b00000, 0x0000000082b00000|100%| O|  |TAMS 0x0000000082a00000, 0x0000000082a00000| Untracked 
|  43|0x0000000082b00000, 0x0000000082c00000, 0x0000000082c00000|100%| O|  |TAMS 0x0000000082b00000, 0x0000000082b00000| Untracked 
|  44|0x0000000082c00000, 0x0000000082d00000, 0x0000000082d00000|100%| O|  |TAMS 0x0000000082c00000, 0x0000000082c00000| Untracked 
|  45|0x0000000082d00000, 0x0000000082e00000, 0x0000000082e00000|100%| O|  |TAMS 0x0000000082d00000, 0x0000000082d00000| Untracked 
|  46|0x0000000082e00000, 0x0000000082f00000, 0x0000000082f00000|100%| O|  |TAMS 0x0000000082e00000, 0x0000000082e00000| Untracked 
|  47|0x0000000082f00000, 0x0000000083000000, 0x0000000083000000|100%| O|  |TAMS 0x0000000082f00000, 0x0000000082f00000| Untracked 
|  48|0x0000000083000000, 0x0000000083100000, 0x0000000083100000|100%| O|  |TAMS 0x0000000083000000, 0x0000000083000000| Untracked 
|  49|0x0000000083100000, 0x0000000083200000, 0x0000000083200000|100%| O|  |TAMS 0x0000000083100000, 0x0000000083100000| Untracked 
|  50|0x0000000083200000, 0x0000000083300000, 0x0000000083300000|100%| O|  |TAMS 0x0000000083200000, 0x0000000083200000| Untracked 
|  51|0x0000000083300000, 0x0000000083400000, 0x0000000083400000|100%| O|  |TAMS 0x0000000083300000, 0x0000000083300000| Untracked 
|  52|0x0000000083400000, 0x0000000083500000, 0x0000000083500000|100%| O|  |TAMS 0x0000000083400000, 0x0000000083400000| Untracked 
|  53|0x0000000083500000, 0x0000000083600000, 0x0000000083600000|100%| O|  |TAMS 0x0000000083500000, 0x0000000083500000| Untracked 
|  54|0x0000000083600000, 0x0000000083700000, 0x0000000083700000|100%| O|  |TAMS 0x0000000083600000, 0x0000000083600000| Untracked 
|  55|0x0000000083700000, 0x0000000083800000, 0x0000000083800000|100%| O|  |TAMS 0x0000000083700000, 0x0000000083700000| Untracked 
|  56|0x0000000083800000, 0x0000000083900000, 0x0000000083900000|100%| O|  |TAMS 0x0000000083800000, 0x0000000083800000| Untracked 
|  57|0x0000000083900000, 0x0000000083a00000, 0x0000000083a00000|100%| O|  |TAMS 0x0000000083900000, 0x0000000083900000| Untracked 
|  58|0x0000000083a00000, 0x0000000083b00000, 0x0000000083b00000|100%| O|  |TAMS 0x0000000083a00000, 0x0000000083a00000| Untracked 
|  59|0x0000000083b00000, 0x0000000083b7ae00, 0x0000000083c00000| 47%| O|  |TAMS 0x0000000083b00000, 0x0000000083b00000| Untracked 
|  60|0x0000000083c00000, 0x0000000083c00000, 0x0000000083d00000|  0%| F|  |TAMS 0x0000000083c00000, 0x0000000083c00000| Untracked 
|  61|0x0000000083d00000, 0x0000000083d00000, 0x0000000083e00000|  0%| F|  |TAMS 0x0000000083d00000, 0x0000000083d00000| Untracked 
|  62|0x0000000083e00000, 0x0000000083e00000, 0x0000000083f00000|  0%| F|  |TAMS 0x0000000083e00000, 0x0000000083e00000| Untracked 
|  63|0x0000000083f00000, 0x0000000083f00000, 0x0000000084000000|  0%| F|  |TAMS 0x0000000083f00000, 0x0000000083f00000| Untracked 
|  64|0x0000000084000000, 0x0000000084000000, 0x0000000084100000|  0%| F|  |TAMS 0x0000000084000000, 0x0000000084000000| Untracked 
|  65|0x0000000084100000, 0x0000000084100000, 0x0000000084200000|  0%| F|  |TAMS 0x0000000084100000, 0x0000000084100000| Untracked 
|  66|0x0000000084200000, 0x0000000084200000, 0x0000000084300000|  0%| F|  |TAMS 0x0000000084200000, 0x0000000084200000| Untracked 
|  67|0x0000000084300000, 0x0000000084300000, 0x0000000084400000|  0%| F|  |TAMS 0x0000000084300000, 0x0000000084300000| Untracked 
|  68|0x0000000084400000, 0x0000000084400000, 0x0000000084500000|  0%| F|  |TAMS 0x0000000084400000, 0x0000000084400000| Untracked 
|  69|0x0000000084500000, 0x0000000084500000, 0x0000000084600000|  0%| F|  |TAMS 0x0000000084500000, 0x0000000084500000| Untracked 
|  70|0x0000000084600000, 0x0000000084600000, 0x0000000084700000|  0%| F|  |TAMS 0x0000000084600000, 0x0000000084600000| Untracked 
|  71|0x0000000084700000, 0x0000000084700000, 0x0000000084800000|  0%| F|  |TAMS 0x0000000084700000, 0x0000000084700000| Untracked 
|  72|0x0000000084800000, 0x0000000084800000, 0x0000000084900000|  0%| F|  |TAMS 0x0000000084800000, 0x0000000084800000| Untracked 
|  73|0x0000000084900000, 0x0000000084900000, 0x0000000084a00000|  0%| F|  |TAMS 0x0000000084900000, 0x0000000084900000| Untracked 
|  74|0x0000000084a00000, 0x0000000084a00000, 0x0000000084b00000|  0%| F|  |TAMS 0x0000000084a00000, 0x0000000084a00000| Untracked 
|  75|0x0000000084b00000, 0x0000000084b00000, 0x0000000084c00000|  0%| F|  |TAMS 0x0000000084b00000, 0x0000000084b00000| Untracked 
|  76|0x0000000084c00000, 0x0000000084c00000, 0x0000000084d00000|  0%| F|  |TAMS 0x0000000084c00000, 0x0000000084c00000| Untracked 
|  77|0x0000000084d00000, 0x0000000084d00000, 0x0000000084e00000|  0%| F|  |TAMS 0x0000000084d00000, 0x0000000084d00000| Untracked 
|  78|0x0000000084e00000, 0x0000000084e00000, 0x0000000084f00000|  0%| F|  |TAMS 0x0000000084e00000, 0x0000000084e00000| Untracked 
|  79|0x0000000084f00000, 0x0000000084f00000, 0x0000000085000000|  0%| F|  |TAMS 0x0000000084f00000, 0x0000000084f00000| Untracked 
|  80|0x0000000085000000, 0x0000000085000000, 0x0000000085100000|  0%| F|  |TAMS 0x0000000085000000, 0x0000000085000000| Untracked 
|  81|0x0000000085100000, 0x0000000085100000, 0x0000000085200000|  0%| F|  |TAMS 0x0000000085100000, 0x0000000085100000| Untracked 
|  82|0x0000000085200000, 0x0000000085200000, 0x0000000085300000|  0%| F|  |TAMS 0x0000000085200000, 0x0000000085200000| Untracked 
|  83|0x0000000085300000, 0x0000000085300000, 0x0000000085400000|  0%| F|  |TAMS 0x0000000085300000, 0x0000000085300000| Untracked 
|  84|0x0000000085400000, 0x0000000085400000, 0x0000000085500000|  0%| F|  |TAMS 0x0000000085400000, 0x0000000085400000| Untracked 
|  85|0x0000000085500000, 0x0000000085500000, 0x0000000085600000|  0%| F|  |TAMS 0x0000000085500000, 0x0000000085500000| Untracked 
|  86|0x0000000085600000, 0x0000000085600000, 0x0000000085700000|  0%| F|  |TAMS 0x0000000085600000, 0x0000000085600000| Untracked 
|  87|0x0000000085700000, 0x0000000085700000, 0x0000000085800000|  0%| F|  |TAMS 0x0000000085700000, 0x0000000085700000| Untracked 
|  88|0x0000000085800000, 0x0000000085800000, 0x0000000085900000|  0%| F|  |TAMS 0x0000000085800000, 0x0000000085800000| Untracked 
|  89|0x0000000085900000, 0x0000000085900000, 0x0000000085a00000|  0%| F|  |TAMS 0x0000000085900000, 0x0000000085900000| Untracked 
|  90|0x0000000085a00000, 0x0000000085a00000, 0x0000000085b00000|  0%| F|  |TAMS 0x0000000085a00000, 0x0000000085a00000| Untracked 
|  91|0x0000000085b00000, 0x0000000085b00000, 0x0000000085c00000|  0%| F|  |TAMS 0x0000000085b00000, 0x0000000085b00000| Untracked 
|  92|0x0000000085c00000, 0x0000000085c00000, 0x0000000085d00000|  0%| F|  |TAMS 0x0000000085c00000, 0x0000000085c00000| Untracked 
|  93|0x0000000085d00000, 0x0000000085d00000, 0x0000000085e00000|  0%| F|  |TAMS 0x0000000085d00000, 0x0000000085d00000| Untracked 
|  94|0x0000000085e00000, 0x0000000085e00000, 0x0000000085f00000|  0%| F|  |TAMS 0x0000000085e00000, 0x0000000085e00000| Untracked 
|  95|0x0000000085f00000, 0x0000000085f00000, 0x0000000086000000|  0%| F|  |TAMS 0x0000000085f00000, 0x0000000085f00000| Untracked 
|  96|0x0000000086000000, 0x0000000086000000, 0x0000000086100000|  0%| F|  |TAMS 0x0000000086000000, 0x0000000086000000| Untracked 
|  97|0x0000000086100000, 0x0000000086100000, 0x0000000086200000|  0%| F|  |TAMS 0x0000000086100000, 0x0000000086100000| Untracked 
|  98|0x0000000086200000, 0x0000000086200000, 0x0000000086300000|  0%| F|  |TAMS 0x0000000086200000, 0x0000000086200000| Untracked 
|  99|0x0000000086300000, 0x0000000086300000, 0x0000000086400000|  0%| F|  |TAMS 0x0000000086300000, 0x0000000086300000| Untracked 
| 100|0x0000000086400000, 0x0000000086400000, 0x0000000086500000|  0%| F|  |TAMS 0x0000000086400000, 0x0000000086400000| Untracked 
| 101|0x0000000086500000, 0x0000000086500000, 0x0000000086600000|  0%| F|  |TAMS 0x0000000086500000, 0x0000000086500000| Untracked 
| 102|0x0000000086600000, 0x0000000086600000, 0x0000000086700000|  0%| F|  |TAMS 0x0000000086600000, 0x0000000086600000| Untracked 
| 103|0x0000000086700000, 0x0000000086700000, 0x0000000086800000|  0%| F|  |TAMS 0x0000000086700000, 0x0000000086700000| Untracked 
| 104|0x0000000086800000, 0x0000000086800000, 0x0000000086900000|  0%| F|  |TAMS 0x0000000086800000, 0x0000000086800000| Untracked 
| 105|0x0000000086900000, 0x0000000086900000, 0x0000000086a00000|  0%| F|  |TAMS 0x0000000086900000, 0x0000000086900000| Untracked 
| 106|0x0000000086a00000, 0x0000000086a00000, 0x0000000086b00000|  0%| F|  |TAMS 0x0000000086a00000, 0x0000000086a00000| Untracked 
| 107|0x0000000086b00000, 0x0000000086b00000, 0x0000000086c00000|  0%| F|  |TAMS 0x0000000086b00000, 0x0000000086b00000| Untracked 
| 108|0x0000000086c00000, 0x0000000086c00000, 0x0000000086d00000|  0%| F|  |TAMS 0x0000000086c00000, 0x0000000086c00000| Untracked 
| 109|0x0000000086d00000, 0x0000000086d00000, 0x0000000086e00000|  0%| F|  |TAMS 0x0000000086d00000, 0x0000000086d00000| Untracked 
| 110|0x0000000086e00000, 0x0000000086e00000, 0x0000000086f00000|  0%| F|  |TAMS 0x0000000086e00000, 0x0000000086e00000| Untracked 
| 111|0x0000000086f00000, 0x0000000086f00000, 0x0000000087000000|  0%| F|  |TAMS 0x0000000086f00000, 0x0000000086f00000| Untracked 
| 112|0x0000000087000000, 0x0000000087000000, 0x0000000087100000|  0%| F|  |TAMS 0x0000000087000000, 0x0000000087000000| Untracked 
| 113|0x0000000087100000, 0x0000000087100000, 0x0000000087200000|  0%| F|  |TAMS 0x0000000087100000, 0x0000000087100000| Untracked 
| 114|0x0000000087200000, 0x0000000087200000, 0x0000000087300000|  0%| F|  |TAMS 0x0000000087200000, 0x0000000087200000| Untracked 
| 115|0x0000000087300000, 0x0000000087300000, 0x0000000087400000|  0%| F|  |TAMS 0x0000000087300000, 0x0000000087300000| Untracked 
| 116|0x0000000087400000, 0x0000000087400000, 0x0000000087500000|  0%| F|  |TAMS 0x0000000087400000, 0x0000000087400000| Untracked 
| 117|0x0000000087500000, 0x0000000087500000, 0x0000000087600000|  0%| F|  |TAMS 0x0000000087500000, 0x0000000087500000| Untracked 
| 118|0x0000000087600000, 0x0000000087600000, 0x0000000087700000|  0%| F|  |TAMS 0x0000000087600000, 0x0000000087600000| Untracked 
| 119|0x0000000087700000, 0x0000000087700000, 0x0000000087800000|  0%| F|  |TAMS 0x0000000087700000, 0x0000000087700000| Untracked 
| 120|0x0000000087800000, 0x0000000087800000, 0x0000000087900000|  0%| F|  |TAMS 0x0000000087800000, 0x0000000087800000| Untracked 
| 121|0x0000000087900000, 0x0000000087900000, 0x0000000087a00000|  0%| F|  |TAMS 0x0000000087900000, 0x0000000087900000| Untracked 
| 122|0x0000000087a00000, 0x0000000087a00000, 0x0000000087b00000|  0%| F|  |TAMS 0x0000000087a00000, 0x0000000087a00000| Untracked 
| 123|0x0000000087b00000, 0x0000000087b00000, 0x0000000087c00000|  0%| F|  |TAMS 0x0000000087b00000, 0x0000000087b00000| Untracked 
| 124|0x0000000087c00000, 0x0000000087c00000, 0x0000000087d00000|  0%| F|  |TAMS 0x0000000087c00000, 0x0000000087c00000| Untracked 
| 125|0x0000000087d00000, 0x0000000087d00000, 0x0000000087e00000|  0%| F|  |TAMS 0x0000000087d00000, 0x0000000087d00000| Untracked 
| 126|0x0000000087e00000, 0x0000000087e00000, 0x0000000087f00000|  0%| F|  |TAMS 0x0000000087e00000, 0x0000000087e00000| Untracked 
| 127|0x0000000087f00000, 0x0000000087f00000, 0x0000000088000000|  0%| F|  |TAMS 0x0000000087f00000, 0x0000000087f00000| Untracked 
| 128|0x0000000088000000, 0x0000000088000000, 0x0000000088100000|  0%| F|  |TAMS 0x0000000088000000, 0x0000000088000000| Untracked 
| 129|0x0000000088100000, 0x0000000088100000, 0x0000000088200000|  0%| F|  |TAMS 0x0000000088100000, 0x0000000088100000| Untracked 
| 130|0x0000000088200000, 0x0000000088200000, 0x0000000088300000|  0%| F|  |TAMS 0x0000000088200000, 0x0000000088200000| Untracked 
| 131|0x0000000088300000, 0x0000000088300000, 0x0000000088400000|  0%| F|  |TAMS 0x0000000088300000, 0x0000000088300000| Untracked 
| 132|0x0000000088400000, 0x0000000088400000, 0x0000000088500000|  0%| F|  |TAMS 0x0000000088400000, 0x0000000088400000| Untracked 
| 133|0x0000000088500000, 0x0000000088500000, 0x0000000088600000|  0%| F|  |TAMS 0x0000000088500000, 0x0000000088500000| Untracked 
| 134|0x0000000088600000, 0x0000000088600000, 0x0000000088700000|  0%| F|  |TAMS 0x0000000088600000, 0x0000000088600000| Untracked 
| 135|0x0000000088700000, 0x0000000088700000, 0x0000000088800000|  0%| F|  |TAMS 0x0000000088700000, 0x0000000088700000| Untracked 
| 136|0x0000000088800000, 0x0000000088800000, 0x0000000088900000|  0%| F|  |TAMS 0x0000000088800000, 0x0000000088800000| Untracked 
| 137|0x0000000088900000, 0x0000000088900000, 0x0000000088a00000|  0%| F|  |TAMS 0x0000000088900000, 0x0000000088900000| Untracked 
| 138|0x0000000088a00000, 0x0000000088a00000, 0x0000000088b00000|  0%| F|  |TAMS 0x0000000088a00000, 0x0000000088a00000| Untracked 
| 139|0x0000000088b00000, 0x0000000088b00000, 0x0000000088c00000|  0%| F|  |TAMS 0x0000000088b00000, 0x0000000088b00000| Untracked 
| 140|0x0000000088c00000, 0x0000000088c00000, 0x0000000088d00000|  0%| F|  |TAMS 0x0000000088c00000, 0x0000000088c00000| Untracked 
| 141|0x0000000088d00000, 0x0000000088d00000, 0x0000000088e00000|  0%| F|  |TAMS 0x0000000088d00000, 0x0000000088d00000| Untracked 
| 142|0x0000000088e00000, 0x0000000088e00000, 0x0000000088f00000|  0%| F|  |TAMS 0x0000000088e00000, 0x0000000088e00000| Untracked 
| 143|0x0000000088f00000, 0x0000000088f00000, 0x0000000089000000|  0%| F|  |TAMS 0x0000000088f00000, 0x0000000088f00000| Untracked 
| 144|0x0000000089000000, 0x0000000089000000, 0x0000000089100000|  0%| F|  |TAMS 0x0000000089000000, 0x0000000089000000| Untracked 
| 145|0x0000000089100000, 0x0000000089100000, 0x0000000089200000|  0%| F|  |TAMS 0x0000000089100000, 0x0000000089100000| Untracked 
| 146|0x0000000089200000, 0x0000000089200000, 0x0000000089300000|  0%| F|  |TAMS 0x0000000089200000, 0x0000000089200000| Untracked 
| 147|0x0000000089300000, 0x0000000089300000, 0x0000000089400000|  0%| F|  |TAMS 0x0000000089300000, 0x0000000089300000| Untracked 
| 148|0x0000000089400000, 0x0000000089400000, 0x0000000089500000|  0%| F|  |TAMS 0x0000000089400000, 0x0000000089400000| Untracked 
| 149|0x0000000089500000, 0x0000000089500000, 0x0000000089600000|  0%| F|  |TAMS 0x0000000089500000, 0x0000000089500000| Untracked 
| 150|0x0000000089600000, 0x0000000089600000, 0x0000000089700000|  0%| F|  |TAMS 0x0000000089600000, 0x0000000089600000| Untracked 
| 151|0x0000000089700000, 0x0000000089700000, 0x0000000089800000|  0%| F|  |TAMS 0x0000000089700000, 0x0000000089700000| Untracked 
| 152|0x0000000089800000, 0x0000000089800000, 0x0000000089900000|  0%| F|  |TAMS 0x0000000089800000, 0x0000000089800000| Untracked 
| 153|0x0000000089900000, 0x0000000089900000, 0x0000000089a00000|  0%| F|  |TAMS 0x0000000089900000, 0x0000000089900000| Untracked 
| 154|0x0000000089a00000, 0x0000000089a00000, 0x0000000089b00000|  0%| F|  |TAMS 0x0000000089a00000, 0x0000000089a00000| Untracked 
| 155|0x0000000089b00000, 0x0000000089b00000, 0x0000000089c00000|  0%| F|  |TAMS 0x0000000089b00000, 0x0000000089b00000| Untracked 
| 156|0x0000000089c00000, 0x0000000089c00000, 0x0000000089d00000|  0%| F|  |TAMS 0x0000000089c00000, 0x0000000089c00000| Untracked 
| 157|0x0000000089d00000, 0x0000000089d00000, 0x0000000089e00000|  0%| F|  |TAMS 0x0000000089d00000, 0x0000000089d00000| Untracked 
| 158|0x0000000089e00000, 0x0000000089e00000, 0x0000000089f00000|  0%| F|  |TAMS 0x0000000089e00000, 0x0000000089e00000| Untracked 
| 159|0x0000000089f00000, 0x0000000089f00000, 0x000000008a000000|  0%| F|  |TAMS 0x0000000089f00000, 0x0000000089f00000| Untracked 
| 160|0x000000008a000000, 0x000000008a000000, 0x000000008a100000|  0%| F|  |TAMS 0x000000008a000000, 0x000000008a000000| Untracked 
| 161|0x000000008a100000, 0x000000008a100000, 0x000000008a200000|  0%| F|  |TAMS 0x000000008a100000, 0x000000008a100000| Untracked 
| 162|0x000000008a200000, 0x000000008a200000, 0x000000008a300000|  0%| F|  |TAMS 0x000000008a200000, 0x000000008a200000| Untracked 
| 163|0x000000008a300000, 0x000000008a300000, 0x000000008a400000|  0%| F|  |TAMS 0x000000008a300000, 0x000000008a300000| Untracked 
| 164|0x000000008a400000, 0x000000008a400000, 0x000000008a500000|  0%| F|  |TAMS 0x000000008a400000, 0x000000008a400000| Untracked 
| 165|0x000000008a500000, 0x000000008a500000, 0x000000008a600000|  0%| F|  |TAMS 0x000000008a500000, 0x000000008a500000| Untracked 
| 166|0x000000008a600000, 0x000000008a600000, 0x000000008a700000|  0%| F|  |TAMS 0x000000008a600000, 0x000000008a600000| Untracked 
| 167|0x000000008a700000, 0x000000008a700000, 0x000000008a800000|  0%| F|  |TAMS 0x000000008a700000, 0x000000008a700000| Untracked 
| 168|0x000000008a800000, 0x000000008a800000, 0x000000008a900000|  0%| F|  |TAMS 0x000000008a800000, 0x000000008a800000| Untracked 
| 169|0x000000008a900000, 0x000000008a900000, 0x000000008aa00000|  0%| F|  |TAMS 0x000000008a900000, 0x000000008a900000| Untracked 
| 170|0x000000008aa00000, 0x000000008aa00000, 0x000000008ab00000|  0%| F|  |TAMS 0x000000008aa00000, 0x000000008aa00000| Untracked 
| 171|0x000000008ab00000, 0x000000008ab00000, 0x000000008ac00000|  0%| F|  |TAMS 0x000000008ab00000, 0x000000008ab00000| Untracked 
| 172|0x000000008ac00000, 0x000000008ac00000, 0x000000008ad00000|  0%| F|  |TAMS 0x000000008ac00000, 0x000000008ac00000| Untracked 
| 173|0x000000008ad00000, 0x000000008ad00000, 0x000000008ae00000|  0%| F|  |TAMS 0x000000008ad00000, 0x000000008ad00000| Untracked 
| 174|0x000000008ae00000, 0x000000008ae00000, 0x000000008af00000|  0%| F|  |TAMS 0x000000008ae00000, 0x000000008ae00000| Untracked 
| 175|0x000000008af00000, 0x000000008af00000, 0x000000008b000000|  0%| F|  |TAMS 0x000000008af00000, 0x000000008af00000| Untracked 
| 176|0x000000008b000000, 0x000000008b000000, 0x000000008b100000|  0%| F|  |TAMS 0x000000008b000000, 0x000000008b000000| Untracked 
| 177|0x000000008b100000, 0x000000008b100000, 0x000000008b200000|  0%| F|  |TAMS 0x000000008b100000, 0x000000008b100000| Untracked 
| 178|0x000000008b200000, 0x000000008b200000, 0x000000008b300000|  0%| F|  |TAMS 0x000000008b200000, 0x000000008b200000| Untracked 
| 179|0x000000008b300000, 0x000000008b300000, 0x000000008b400000|  0%| F|  |TAMS 0x000000008b300000, 0x000000008b300000| Untracked 
| 180|0x000000008b400000, 0x000000008b400000, 0x000000008b500000|  0%| F|  |TAMS 0x000000008b400000, 0x000000008b400000| Untracked 
| 181|0x000000008b500000, 0x000000008b500000, 0x000000008b600000|  0%| F|  |TAMS 0x000000008b500000, 0x000000008b500000| Untracked 
| 182|0x000000008b600000, 0x000000008b600000, 0x000000008b700000|  0%| F|  |TAMS 0x000000008b600000, 0x000000008b600000| Untracked 
| 183|0x000000008b700000, 0x000000008b700000, 0x000000008b800000|  0%| F|  |TAMS 0x000000008b700000, 0x000000008b700000| Untracked 
| 184|0x000000008b800000, 0x000000008b800000, 0x000000008b900000|  0%| F|  |TAMS 0x000000008b800000, 0x000000008b800000| Untracked 
| 185|0x000000008b900000, 0x000000008b900000, 0x000000008ba00000|  0%| F|  |TAMS 0x000000008b900000, 0x000000008b900000| Untracked 
| 186|0x000000008ba00000, 0x000000008ba00000, 0x000000008bb00000|  0%| F|  |TAMS 0x000000008ba00000, 0x000000008ba00000| Untracked 
| 187|0x000000008bb00000, 0x000000008bb00000, 0x000000008bc00000|  0%| F|  |TAMS 0x000000008bb00000, 0x000000008bb00000| Untracked 
| 188|0x000000008bc00000, 0x000000008bc00000, 0x000000008bd00000|  0%| F|  |TAMS 0x000000008bc00000, 0x000000008bc00000| Untracked 
| 189|0x000000008bd00000, 0x000000008bd00000, 0x000000008be00000|  0%| F|  |TAMS 0x000000008bd00000, 0x000000008bd00000| Untracked 
| 190|0x000000008be00000, 0x000000008be00000, 0x000000008bf00000|  0%| F|  |TAMS 0x000000008be00000, 0x000000008be00000| Untracked 
| 191|0x000000008bf00000, 0x000000008bf00000, 0x000000008c000000|  0%| F|  |TAMS 0x000000008bf00000, 0x000000008bf00000| Untracked 
| 192|0x000000008c000000, 0x000000008c000000, 0x000000008c100000|  0%| F|  |TAMS 0x000000008c000000, 0x000000008c000000| Untracked 
| 193|0x000000008c100000, 0x000000008c100000, 0x000000008c200000|  0%| F|  |TAMS 0x000000008c100000, 0x000000008c100000| Untracked 
| 194|0x000000008c200000, 0x000000008c200000, 0x000000008c300000|  0%| F|  |TAMS 0x000000008c200000, 0x000000008c200000| Untracked 
| 195|0x000000008c300000, 0x000000008c300000, 0x000000008c400000|  0%| F|  |TAMS 0x000000008c300000, 0x000000008c300000| Untracked 
| 196|0x000000008c400000, 0x000000008c400000, 0x000000008c500000|  0%| F|  |TAMS 0x000000008c400000, 0x000000008c400000| Untracked 
| 197|0x000000008c500000, 0x000000008c500000, 0x000000008c600000|  0%| F|  |TAMS 0x000000008c500000, 0x000000008c500000| Untracked 
| 198|0x000000008c600000, 0x000000008c600000, 0x000000008c700000|  0%| F|  |TAMS 0x000000008c600000, 0x000000008c600000| Untracked 
| 199|0x000000008c700000, 0x000000008c700000, 0x000000008c800000|  0%| F|  |TAMS 0x000000008c700000, 0x000000008c700000| Untracked 
| 200|0x000000008c800000, 0x000000008c800000, 0x000000008c900000|  0%| F|  |TAMS 0x000000008c800000, 0x000000008c800000| Untracked 
| 201|0x000000008c900000, 0x000000008c900000, 0x000000008ca00000|  0%| F|  |TAMS 0x000000008c900000, 0x000000008c900000| Untracked 
| 202|0x000000008ca00000, 0x000000008ca00000, 0x000000008cb00000|  0%| F|  |TAMS 0x000000008ca00000, 0x000000008ca00000| Untracked 
| 203|0x000000008cb00000, 0x000000008cb00000, 0x000000008cc00000|  0%| F|  |TAMS 0x000000008cb00000, 0x000000008cb00000| Untracked 
| 204|0x000000008cc00000, 0x000000008cc00000, 0x000000008cd00000|  0%| F|  |TAMS 0x000000008cc00000, 0x000000008cc00000| Untracked 
| 205|0x000000008cd00000, 0x000000008cd00000, 0x000000008ce00000|  0%| F|  |TAMS 0x000000008cd00000, 0x000000008cd00000| Untracked 
| 206|0x000000008ce00000, 0x000000008ce00000, 0x000000008cf00000|  0%| F|  |TAMS 0x000000008ce00000, 0x000000008ce00000| Untracked 
| 207|0x000000008cf00000, 0x000000008cf00000, 0x000000008d000000|  0%| F|  |TAMS 0x000000008cf00000, 0x000000008cf00000| Untracked 
| 208|0x000000008d000000, 0x000000008d000000, 0x000000008d100000|  0%| F|  |TAMS 0x000000008d000000, 0x000000008d000000| Untracked 
| 209|0x000000008d100000, 0x000000008d100000, 0x000000008d200000|  0%| F|  |TAMS 0x000000008d100000, 0x000000008d100000| Untracked 
| 210|0x000000008d200000, 0x000000008d200000, 0x000000008d300000|  0%| F|  |TAMS 0x000000008d200000, 0x000000008d200000| Untracked 
| 211|0x000000008d300000, 0x000000008d300000, 0x000000008d400000|  0%| F|  |TAMS 0x000000008d300000, 0x000000008d300000| Untracked 
| 212|0x000000008d400000, 0x000000008d400000, 0x000000008d500000|  0%| F|  |TAMS 0x000000008d400000, 0x000000008d400000| Untracked 
| 213|0x000000008d500000, 0x000000008d500000, 0x000000008d600000|  0%| F|  |TAMS 0x000000008d500000, 0x000000008d500000| Untracked 
| 214|0x000000008d600000, 0x000000008d600000, 0x000000008d700000|  0%| F|  |TAMS 0x000000008d600000, 0x000000008d600000| Untracked 
| 215|0x000000008d700000, 0x000000008d700000, 0x000000008d800000|  0%| F|  |TAMS 0x000000008d700000, 0x000000008d700000| Untracked 
| 216|0x000000008d800000, 0x000000008d800000, 0x000000008d900000|  0%| F|  |TAMS 0x000000008d800000, 0x000000008d800000| Untracked 
| 217|0x000000008d900000, 0x000000008d900000, 0x000000008da00000|  0%| F|  |TAMS 0x000000008d900000, 0x000000008d900000| Untracked 
| 218|0x000000008da00000, 0x000000008da00000, 0x000000008db00000|  0%| F|  |TAMS 0x000000008da00000, 0x000000008da00000| Untracked 
| 219|0x000000008db00000, 0x000000008db00000, 0x000000008dc00000|  0%| F|  |TAMS 0x000000008db00000, 0x000000008db00000| Untracked 
| 220|0x000000008dc00000, 0x000000008dc00000, 0x000000008dd00000|  0%| F|  |TAMS 0x000000008dc00000, 0x000000008dc00000| Untracked 
| 221|0x000000008dd00000, 0x000000008dd00000, 0x000000008de00000|  0%| F|  |TAMS 0x000000008dd00000, 0x000000008dd00000| Untracked 
| 222|0x000000008de00000, 0x000000008de00000, 0x000000008df00000|  0%| F|  |TAMS 0x000000008de00000, 0x000000008de00000| Untracked 
| 223|0x000000008df00000, 0x000000008df00000, 0x000000008e000000|  0%| F|  |TAMS 0x000000008df00000, 0x000000008df00000| Untracked 
| 224|0x000000008e000000, 0x000000008e000000, 0x000000008e100000|  0%| F|  |TAMS 0x000000008e000000, 0x000000008e000000| Untracked 
| 225|0x000000008e100000, 0x000000008e100000, 0x000000008e200000|  0%| F|  |TAMS 0x000000008e100000, 0x000000008e100000| Untracked 
| 226|0x000000008e200000, 0x000000008e200000, 0x000000008e300000|  0%| F|  |TAMS 0x000000008e200000, 0x000000008e200000| Untracked 
| 227|0x000000008e300000, 0x000000008e300000, 0x000000008e400000|  0%| F|  |TAMS 0x000000008e300000, 0x000000008e300000| Untracked 
| 228|0x000000008e400000, 0x000000008e400000, 0x000000008e500000|  0%| F|  |TAMS 0x000000008e400000, 0x000000008e400000| Untracked 
| 229|0x000000008e500000, 0x000000008e500000, 0x000000008e600000|  0%| F|  |TAMS 0x000000008e500000, 0x000000008e500000| Untracked 
| 230|0x000000008e600000, 0x000000008e600000, 0x000000008e700000|  0%| F|  |TAMS 0x000000008e600000, 0x000000008e600000| Untracked 
| 231|0x000000008e700000, 0x000000008e700000, 0x000000008e800000|  0%| F|  |TAMS 0x000000008e700000, 0x000000008e700000| Untracked 
| 232|0x000000008e800000, 0x000000008e800000, 0x000000008e900000|  0%| F|  |TAMS 0x000000008e800000, 0x000000008e800000| Untracked 
| 233|0x000000008e900000, 0x000000008e900000, 0x000000008ea00000|  0%| F|  |TAMS 0x000000008e900000, 0x000000008e900000| Untracked 
| 234|0x000000008ea00000, 0x000000008ea00000, 0x000000008eb00000|  0%| F|  |TAMS 0x000000008ea00000, 0x000000008ea00000| Untracked 
| 235|0x000000008eb00000, 0x000000008eb00000, 0x000000008ec00000|  0%| F|  |TAMS 0x000000008eb00000, 0x000000008eb00000| Untracked 
| 236|0x000000008ec00000, 0x000000008ec00000, 0x000000008ed00000|  0%| F|  |TAMS 0x000000008ec00000, 0x000000008ec00000| Untracked 
| 237|0x000000008ed00000, 0x000000008ed00000, 0x000000008ee00000|  0%| F|  |TAMS 0x000000008ed00000, 0x000000008ed00000| Untracked 
| 238|0x000000008ee00000, 0x000000008ee00000, 0x000000008ef00000|  0%| F|  |TAMS 0x000000008ee00000, 0x000000008ee00000| Untracked 
| 239|0x000000008ef00000, 0x000000008ef00000, 0x000000008f000000|  0%| F|  |TAMS 0x000000008ef00000, 0x000000008ef00000| Untracked 
| 240|0x000000008f000000, 0x000000008f000000, 0x000000008f100000|  0%| F|  |TAMS 0x000000008f000000, 0x000000008f000000| Untracked 
| 241|0x000000008f100000, 0x000000008f100000, 0x000000008f200000|  0%| F|  |TAMS 0x000000008f100000, 0x000000008f100000| Untracked 
| 242|0x000000008f200000, 0x000000008f200000, 0x000000008f300000|  0%| F|  |TAMS 0x000000008f200000, 0x000000008f200000| Untracked 
| 243|0x000000008f300000, 0x000000008f300000, 0x000000008f400000|  0%| F|  |TAMS 0x000000008f300000, 0x000000008f300000| Untracked 
| 244|0x000000008f400000, 0x000000008f400000, 0x000000008f500000|  0%| F|  |TAMS 0x000000008f400000, 0x000000008f400000| Untracked 
| 245|0x000000008f500000, 0x000000008f500000, 0x000000008f600000|  0%| F|  |TAMS 0x000000008f500000, 0x000000008f500000| Untracked 
| 246|0x000000008f600000, 0x000000008f600000, 0x000000008f700000|  0%| F|  |TAMS 0x000000008f600000, 0x000000008f600000| Untracked 
| 247|0x000000008f700000, 0x000000008f700000, 0x000000008f800000|  0%| F|  |TAMS 0x000000008f700000, 0x000000008f700000| Untracked 
| 248|0x000000008f800000, 0x000000008f800000, 0x000000008f900000|  0%| F|  |TAMS 0x000000008f800000, 0x000000008f800000| Untracked 
| 249|0x000000008f900000, 0x000000008f900000, 0x000000008fa00000|  0%| F|  |TAMS 0x000000008f900000, 0x000000008f900000| Untracked 
| 250|0x000000008fa00000, 0x000000008fa00000, 0x000000008fb00000|  0%| F|  |TAMS 0x000000008fa00000, 0x000000008fa00000| Untracked 
| 251|0x000000008fb00000, 0x000000008fbd31b8, 0x000000008fc00000| 82%| S|CS|TAMS 0x000000008fb00000, 0x000000008fb00000| Complete 
| 252|0x000000008fc00000, 0x000000008fd00000, 0x000000008fd00000|100%| S|CS|TAMS 0x000000008fc00000, 0x000000008fc00000| Complete 
| 253|0x000000008fd00000, 0x000000008fe00000, 0x000000008fe00000|100%| S|CS|TAMS 0x000000008fd00000, 0x000000008fd00000| Complete 
| 254|0x000000008fe00000, 0x000000008fe00000, 0x000000008ff00000|  0%| F|  |TAMS 0x000000008fe00000, 0x000000008fe00000| Untracked 
| 255|0x000000008ff00000, 0x000000008ff00000, 0x0000000090000000|  0%| F|  |TAMS 0x000000008ff00000, 0x000000008ff00000| Untracked 
| 256|0x0000000090000000, 0x0000000090000000, 0x0000000090100000|  0%| F|  |TAMS 0x0000000090000000, 0x0000000090000000| Untracked 
| 257|0x0000000090100000, 0x0000000090100000, 0x0000000090200000|  0%| F|  |TAMS 0x0000000090100000, 0x0000000090100000| Untracked 
| 258|0x0000000090200000, 0x0000000090200000, 0x0000000090300000|  0%| F|  |TAMS 0x0000000090200000, 0x0000000090200000| Untracked 
| 259|0x0000000090300000, 0x0000000090300000, 0x0000000090400000|  0%| F|  |TAMS 0x0000000090300000, 0x0000000090300000| Untracked 
| 260|0x0000000090400000, 0x0000000090400000, 0x0000000090500000|  0%| F|  |TAMS 0x0000000090400000, 0x0000000090400000| Untracked 
| 261|0x0000000090500000, 0x0000000090500000, 0x0000000090600000|  0%| F|  |TAMS 0x0000000090500000, 0x0000000090500000| Untracked 
| 262|0x0000000090600000, 0x0000000090600000, 0x0000000090700000|  0%| F|  |TAMS 0x0000000090600000, 0x0000000090600000| Untracked 
| 263|0x0000000090700000, 0x0000000090700000, 0x0000000090800000|  0%| F|  |TAMS 0x0000000090700000, 0x0000000090700000| Untracked 
| 264|0x0000000090800000, 0x0000000090800000, 0x0000000090900000|  0%| F|  |TAMS 0x0000000090800000, 0x0000000090800000| Untracked 
| 265|0x0000000090900000, 0x0000000090900000, 0x0000000090a00000|  0%| F|  |TAMS 0x0000000090900000, 0x0000000090900000| Untracked 
| 266|0x0000000090a00000, 0x0000000090a00000, 0x0000000090b00000|  0%| F|  |TAMS 0x0000000090a00000, 0x0000000090a00000| Untracked 
| 267|0x0000000090b00000, 0x0000000090b00000, 0x0000000090c00000|  0%| F|  |TAMS 0x0000000090b00000, 0x0000000090b00000| Untracked 
| 268|0x0000000090c00000, 0x0000000090c00000, 0x0000000090d00000|  0%| F|  |TAMS 0x0000000090c00000, 0x0000000090c00000| Untracked 
| 269|0x0000000090d00000, 0x0000000090d00000, 0x0000000090e00000|  0%| F|  |TAMS 0x0000000090d00000, 0x0000000090d00000| Untracked 
| 270|0x0000000090e00000, 0x0000000090e00000, 0x0000000090f00000|  0%| F|  |TAMS 0x0000000090e00000, 0x0000000090e00000| Untracked 
| 271|0x0000000090f00000, 0x0000000090f00000, 0x0000000091000000|  0%| F|  |TAMS 0x0000000090f00000, 0x0000000090f00000| Untracked 
| 272|0x0000000091000000, 0x0000000091000000, 0x0000000091100000|  0%| F|  |TAMS 0x0000000091000000, 0x0000000091000000| Untracked 
| 273|0x0000000091100000, 0x0000000091100000, 0x0000000091200000|  0%| F|  |TAMS 0x0000000091100000, 0x0000000091100000| Untracked 
| 274|0x0000000091200000, 0x0000000091200000, 0x0000000091300000|  0%| F|  |TAMS 0x0000000091200000, 0x0000000091200000| Untracked 
| 275|0x0000000091300000, 0x0000000091300000, 0x0000000091400000|  0%| F|  |TAMS 0x0000000091300000, 0x0000000091300000| Untracked 
|2046|0x00000000ffe00000, 0x00000000ffe34000, 0x00000000fff00000| 20%|OA|  |TAMS 0x00000000ffe34000, 0x00000000ffe00000| Untracked 
|2047|0x00000000fff00000, 0x00000000fff6a000, 0x0000000100000000| 41%|CA|  |TAMS 0x00000000fff6a000, 0x00000000fff00000| Untracked 

Card table byte_map: [0x00007f3cc0156000,0x00007f3cc0556000] _byte_map_base: 0x00007f3cbfd56000

Marking Bits (Prev, Next): (CMBitMap*) 0x00007f3cd8051da8, (CMBitMap*) 0x00007f3cd8051de0
 Prev Bits: [0x00007f3cb9c00000, 0x00007f3cbbc00000)
 Next Bits: [0x00007f3cb7c00000, 0x00007f3cb9c00000)

Polling page: 0x00007f3ce05f9000

Metaspace:

Usage:
  Non-class:     27.93 MB capacity,    27.00 MB ( 97%) used,   768.16 KB (  3%) free+waste,   177.56 KB ( <1%) overhead. 
      Class:      5.14 MB capacity,     4.48 MB ( 87%) used,   577.90 KB ( 11%) free+waste,    95.12 KB (  2%) overhead. 
       Both:     33.07 MB capacity,    31.48 MB ( 95%) used,     1.31 MB (  4%) free+waste,   272.69 KB ( <1%) overhead. 

Virtual space:
  Non-class space:       30.00 MB reserved,      28.17 MB ( 94%) committed 
      Class space:        1.00 GB reserved,       5.25 MB ( <1%) committed 
             Both:        1.03 GB reserved,      33.42 MB (  3%) committed 

Chunk freelists:
   Non-Class:  74.00 KB
       Class:  0 bytes
        Both:  74.00 KB

CodeHeap 'non-profiled nmethods': size=120036Kb used=1633Kb max_used=1633Kb free=118402Kb
 bounds [0x00007f3cc841d000, 0x00007f3cc868d000, 0x00007f3ccf956000]
CodeHeap 'profiled nmethods': size=120032Kb used=7133Kb max_used=7133Kb free=112898Kb
 bounds [0x00007f3cc0ee5000, 0x00007f3cc15e5000, 0x00007f3cc841d000]
CodeHeap 'non-nmethods': size=5692Kb used=1259Kb max_used=1281Kb free=4432Kb
 bounds [0x00007f3cc0956000, 0x00007f3cc0bc6000, 0x00007f3cc0ee5000]
 total_blobs=5422 nmethods=3818 adapters=582
 compilation: enabled
              stopped_count=0, restarted_count=0
 full_count=0

Compilation events (10 events):
Event: 51.108 Thread 0x00007f3cd8142000 3919       2       java.lang.invoke.MemberName::asConstructor (58 bytes)
Event: 51.109 Thread 0x00007f3cd8142000 nmethod 3919 0x00007f3cc15db090 code [0x00007f3cc15db2a0, 0x00007f3cc15db6a8]
Event: 51.109 Thread 0x00007f3cd8142000 3920       2       java.lang.invoke.DirectMethodHandle$Constructor::<init> (42 bytes)
Event: 51.110 Thread 0x00007f3cd8142000 nmethod 3920 0x00007f3cc15db890 code [0x00007f3cc15dba60, 0x00007f3cc15dbcc8]
Event: 51.161 Thread 0x00007f3cd8142000 3922       2       java.lang.invoke.MethodHandles$Lookup::getDirectConstructorCommon (69 bytes)
Event: 51.167 Thread 0x00007f3cd8142000 nmethod 3922 0x00007f3cc15dbd90 code [0x00007f3cc15dbfa0, 0x00007f3cc15dc378]
Event: 51.205 Thread 0x00007f3cd8140000 nmethod 3913 0x00007f3cc85b3a10 code [0x00007f3cc85b3c20, 0x00007f3cc85b4548]
Event: 51.205 Thread 0x00007f3cd8140000 3899       4       com.mojang.datafixers.TypedOptic::<init> (38 bytes)
Event: 51.237 Thread 0x00007f3cd8140000 nmethod 3899 0x00007f3cc85b4c90 code [0x00007f3cc85b4e20, 0x00007f3cc85b5358]
Event: 51.237 Thread 0x00007f3cd8140000 3912       4       com.mojang.datafixers.types.Type::opticView (85 bytes)

GC Heap History (10 events):
Event: 47.769 GC heap after
{Heap after GC invocations=23 (full 0):
 garbage-first heap   total 166912K, used 52461K [0x0000000080000000, 0x0000000100000000)
  region size 1024K, 1 young (1024K), 1 survivors (1024K)
 Metaspace       used 29194K, capacity 30467K, committed 30640K, reserved 1075200K
  class space    used 4081K, capacity 4604K, committed 4608K, reserved 1048576K
}
Event: 48.219 GC heap before
{Heap before GC invocations=23 (full 0):
 garbage-first heap   total 166912K, used 62701K [0x0000000080000000, 0x0000000100000000)
  region size 1024K, 11 young (11264K), 1 survivors (1024K)
 Metaspace       used 29697K, capacity 31070K, committed 31408K, reserved 1075200K
  class space    used 4173K, capacity 4740K, committed 4864K, reserved 1048576K
}
Event: 48.252 GC heap after
{Heap after GC invocations=24 (full 0):
 garbage-first heap   total 284672K, used 53485K [0x0000000080000000, 0x0000000100000000)
  region size 1024K, 2 young (2048K), 2 survivors (2048K)
 Metaspace       used 29697K, capacity 31070K, committed 31408K, reserved 1075200K
  class space    used 4173K, capacity 4740K, committed 4864K, reserved 1048576K
}
Event: 48.857 GC heap before
{Heap before GC invocations=24 (full 0):
 garbage-first heap   total 284672K, used 69869K [0x0000000080000000, 0x0000000100000000)
  region size 1024K, 18 young (18432K), 2 survivors (2048K)
 Metaspace       used 30093K, capacity 31572K, committed 31664K, reserved 1077248K
  class space    used 4253K, capacity 4843K, committed 4864K, reserved 1048576K
}
Event: 48.921 GC heap after
{Heap after GC invocations=25 (full 0):
 garbage-first heap   total 284672K, used 55540K [0x0000000080000000, 0x0000000100000000)
  region size 1024K, 3 young (3072K), 3 survivors (3072K)
 Metaspace       used 30093K, capacity 31572K, committed 31664K, reserved 1077248K
  class space    used 4253K, capacity 4843K, committed 4864K, reserved 1048576K
}
Event: 49.824 GC heap before
{Heap before GC invocations=25 (full 0):
 garbage-first heap   total 284672K, used 73972K [0x0000000080000000, 0x0000000100000000)
  region size 1024K, 21 young (21504K), 3 survivors (3072K)
 Metaspace       used 30918K, capacity 32437K, committed 32688K, reserved 1077248K
  class space    used 4380K, capacity 5001K, committed 5120K, reserved 1048576K
}
Event: 49.881 GC heap after
{Heap after GC invocations=26 (full 0):
 garbage-first heap   total 284672K, used 58328K [0x0000000080000000, 0x0000000100000000)
  region size 1024K, 3 young (3072K), 3 survivors (3072K)
 Metaspace       used 30918K, capacity 32437K, committed 32688K, reserved 1077248K
  class space    used 4380K, capacity 5001K, committed 5120K, reserved 1048576K
}
Event: 50.560 GC heap before
{Heap before GC invocations=26 (full 0):
 garbage-first heap   total 284672K, used 81880K [0x0000000080000000, 0x0000000100000000)
  region size 1024K, 26 young (26624K), 3 survivors (3072K)
 Metaspace       used 31623K, capacity 33201K, committed 33584K, reserved 1077248K
  class space    used 4488K, capacity 5126K, committed 5248K, reserved 1048576K
}
Event: 50.678 GC heap after
{Heap after GC invocations=27 (full 0):
 garbage-first heap   total 284672K, used 61538K [0x0000000080000000, 0x0000000100000000)
  region size 1024K, 4 young (4096K), 4 survivors (4096K)
 Metaspace       used 31623K, capacity 33201K, committed 33584K, reserved 1077248K
  class space    used 4488K, capacity 5126K, committed 5248K, reserved 1048576K
}
Event: 51.291 GC heap before
{Heap before GC invocations=27 (full 0):
 garbage-first heap   total 284672K, used 84066K [0x0000000080000000, 0x0000000100000000)
  region size 1024K, 26 young (26624K), 4 survivors (4096K)
 Metaspace       used 32240K, capacity 33859K, committed 34224K, reserved 1079296K
  class space    used 4587K, capacity 5261K, committed 5376K, reserved 1048576K
}

Deoptimization events (10 events):
Event: 50.355 Thread 0x00007f3cd8012000 DEOPT PACKING pc=0x00007f3cc856b4fc sp=0x00007f3ce05d1560
Event: 50.355 Thread 0x00007f3cd8012000 DEOPT UNPACKING pc=0x00007f3cc097de1f sp=0x00007f3ce05d1548 mode 2
Event: 50.679 Thread 0x00007f3cd8012000 Uncommon trap: trap_request=0xffffff4d fr.pc=0x00007f3cc855b084 relative=0x0000000000001884
Event: 50.679 Thread 0x00007f3cd8012000 Uncommon trap: reason=unstable_if action=reinterpret pc=0x00007f3cc855b084 method=java.lang.invoke.MethodType$ConcurrentWeakInternSet$WeakEntry.equals(Ljava/lang/Object;)Z @ 21 c2
Event: 50.679 Thread 0x00007f3cd8012000 DEOPT PACKING pc=0x00007f3cc855b084 sp=0x00007f3ce05d0690
Event: 50.679 Thread 0x00007f3cd8012000 DEOPT UNPACKING pc=0x00007f3cc097de1f sp=0x00007f3ce05d0568 mode 2
Event: 51.258 Thread 0x00007f3cd89b9800 Uncommon trap: trap_request=0xfffffff4 fr.pc=0x00007f3cc8553b10 relative=0x00000000000000d0
Event: 51.258 Thread 0x00007f3cd89b9800 Uncommon trap: reason=null_check action=make_not_entrant pc=0x00007f3cc8553b10 method=com.mojang.datafixers.types.templates.Const.equals(Ljava/lang/Object;)Z @ 1 c2
Event: 51.258 Thread 0x00007f3cd89b9800 DEOPT PACKING pc=0x00007f3cc8553b10 sp=0x00007f3c7f5d91b0
Event: 51.258 Thread 0x00007f3cd89b9800 DEOPT UNPACKING pc=0x00007f3cc097de1f sp=0x00007f3c7f5d9160 mode 2

Classes redefined (0 events):
No events

Internal exceptions (10 events):
Event: 46.668 Thread 0x00007f3cd8012000 Exception <a 'java/lang/NoSuchMethodError'{0x0000000089d765e0}: 'int java.lang.invoke.DirectMethodHandle$Holder.invokeStatic(java.lang.Object, java.lang.Object, int, int, int)'> (0x0000000089d765e0) thrown at [/build/openjdk-lts-7bqZff/openjdk-lts-11.0.4+
Event: 50.193 Thread 0x00007f3cd8012000 Exception <a 'java/lang/NoSuchMethodError'{0x0000000090be4ea8}: 'java.lang.Object java.lang.invoke.DirectMethodHandle$Holder.newInvokeSpecial(java.lang.Object, java.lang.Object, java.lang.Object, java.lang.Object)'> (0x0000000090be4ea8) thrown at [/build/
Event: 50.327 Thread 0x00007f3cd8012000 Exception <a 'java/lang/NoSuchMethodError'{0x000000009066f290}: 'java.lang.Object java.lang.invoke.DirectMethodHandle$Holder.invokeSpecial(java.lang.Object, java.lang.Object, long)'> (0x000000009066f290) thrown at [/build/openjdk-lts-7bqZff/openjdk-lts-11
Event: 50.406 Thread 0x00007f3cd8012000 Exception <a 'java/lang/NoSuchMethodError'{0x000000009025dd20}: 'java.lang.Object java.lang.invoke.DirectMethodHandle$Holder.invokeStaticInit(java.lang.Object, java.lang.Object, java.lang.Object, java.lang.Object, java.lang.Object, java.lang.Object, java.
Event: 50.408 Thread 0x00007f3cd8012000 Exception <a 'java/lang/NoSuchMethodError'{0x0000000090267b00}: 'void java.lang.invoke.DirectMethodHandle$Holder.invokeStaticInit(java.lang.Object, java.lang.Object, java.lang.Object, java.lang.Object, java.lang.Object)'> (0x0000000090267b00) thrown at [/
Event: 50.421 Thread 0x00007f3cd8012000 Exception <a 'java/lang/NoSuchMethodError'{0x0000000090271188}: 'java.lang.Object java.lang.invoke.DirectMethodHandle$Holder.invokeStaticInit(java.lang.Object, java.lang.Object, java.lang.Object, java.lang.Object, java.lang.Object, java.lang.Object, java.
Event: 50.679 Thread 0x00007f3cd8012000 Implicit null exception at 0x00007f3cc8559c9f to 0x00007f3cc855b066
Event: 51.257 Thread 0x00007f3cd8012000 Exception <a 'java/lang/NoSuchMethodError'{0x00000000900cb898}: 'java.lang.Object java.lang.invoke.DirectMethodHandle$Holder.invokeStatic(java.lang.Object, int, java.lang.Object)'> (0x00000000900cb898) thrown at [/build/openjdk-lts-7bqZff/openjdk-lts-11.0
Event: 51.258 Thread 0x00007f3cd89b9800 Implicit null exception at 0x00007f3cc8553a7c to 0x00007f3cc8553b03
Event: 51.259 Thread 0x00007f3cd8012000 Exception <a 'java/lang/NoSuchMethodError'{0x00000000900ce6d0}: 'java.lang.Object java.lang.invoke.DirectMethodHandle$Holder.invokeStaticInit(java.lang.Object, int, java.lang.Object)'> (0x00000000900ce6d0) thrown at [/build/openjdk-lts-7bqZff/openjdk-lts-

Events (10 events):
Event: 51.287 loading class net/minecraft/server/v1_14_R1/SlotFurnaceResult done
Event: 51.289 loading class net/minecraft/server/v1_14_R1/PlayerInventory
Event: 51.289 loading class net/minecraft/server/v1_14_R1/PlayerInventory done
Event: 51.289 loading class net/minecraft/server/v1_14_R1/PlayerInventory
Event: 51.289 loading class net/minecraft/server/v1_14_R1/PlayerInventory done
Event: 51.289 loading class net/minecraft/server/v1_14_R1/Containers$Supplier
Event: 51.289 loading class net/minecraft/server/v1_14_R1/Containers$Supplier done
Event: 51.290 loading class net/minecraft/server/v1_14_R1/ContainerBrewingStand$SlotPotionBottle
Event: 51.290 loading class net/minecraft/server/v1_14_R1/ContainerBrewingStand$SlotPotionBottle done
Event: 51.291 Executing VM operation: G1CollectForAllocation


Dynamic libraries:
80000000-91400000 rw-p 00000000 00:00 0 
9f700000-ffe00000 ---p 00000000 00:00 0 
ffe00000-ffe34000 rw-p 01116000 b3:02 662154                             /usr/lib/jvm/java-11-openjdk-amd64/lib/server/classes.jsa
ffe34000-fff00000 rw-p 00000000 00:00 0 
fff00000-fff6a000 rw-p 010ac000 b3:02 662154                             /usr/lib/jvm/java-11-openjdk-amd64/lib/server/classes.jsa
fff6a000-100000000 rw-p 00000000 00:00 0 
800000000-800002000 rwxp 00001000 b3:02 662154                           /usr/lib/jvm/java-11-openjdk-amd64/lib/server/classes.jsa
800002000-8003bd000 rw-p 00003000 b3:02 662154                           /usr/lib/jvm/java-11-openjdk-amd64/lib/server/classes.jsa
8003bd000-800a98000 r--p 003be000 b3:02 662154                           /usr/lib/jvm/java-11-openjdk-amd64/lib/server/classes.jsa
800a98000-800a99000 rw-p 00a99000 b3:02 662154                           /usr/lib/jvm/java-11-openjdk-amd64/lib/server/classes.jsa
800a99000-8010ab000 r--p 00a9a000 b3:02 662154                           /usr/lib/jvm/java-11-openjdk-amd64/lib/server/classes.jsa
840000000-840540000 rw-p 00000000 00:00 0 
840540000-880000000 ---p 00000000 00:00 0 
55f3e8b8e000-55f3e8b8f000 r-xp 00000000 b3:02 661058                     /usr/lib/jvm/java-11-openjdk-amd64/bin/java
55f3e8d8f000-55f3e8d90000 r--p 00001000 b3:02 661058                     /usr/lib/jvm/java-11-openjdk-amd64/bin/java
55f3e8d90000-55f3e8d91000 rw-p 00002000 b3:02 661058                     /usr/lib/jvm/java-11-openjdk-amd64/bin/java
55f3e8ff9000-55f3e901a000 rw-p 00000000 00:00 0                          [heap]
7f3c7e0dc000-7f3c7e11c000 rw-p 00000000 00:00 0 
7f3c7e11c000-7f3c7e2dc000 ---p 00000000 00:00 0 
7f3c7e2dc000-7f3c7e4dc000 rw-p 00000000 00:00 0 
7f3c7e4dc000-7f3c7e6dc000 rw-p 00000000 00:00 0 
7f3c7e6dc000-7f3c7e8dc000 rw-p 00000000 00:00 0 
7f3c7e8dc000-7f3c7eadc000 rw-p 00000000 00:00 0 
7f3c7eadc000-7f3c7ecdc000 rw-p 00000000 00:00 0 
7f3c7ecdc000-7f3c7eec8000 rw-p 00000000 00:00 0 
7f3c7eec8000-7f3c7eedc000 ---p 00000000 00:00 0 
7f3c7eedc000-7f3c7f0dc000 rw-p 00000000 00:00 0 
7f3c7f0dc000-7f3c7f2dc000 rw-p 00000000 00:00 0 
7f3c7f2dc000-7f3c7f4dc000 rw-p 00000000 00:00 0 
7f3c7f4dc000-7f3c7f4e0000 ---p 00000000 00:00 0 
7f3c7f4e0000-7f3c7f7dd000 rw-p 00000000 00:00 0 
7f3c7f7dd000-7f3c7f7e2000 r-xp 00000000 b3:02 661178                     /usr/lib/jvm/java-11-openjdk-amd64/lib/libmanagement_ext.so
7f3c7f7e2000-7f3c7f9e1000 ---p 00005000 b3:02 661178                     /usr/lib/jvm/java-11-openjdk-amd64/lib/libmanagement_ext.so
7f3c7f9e1000-7f3c7f9e2000 r--p 00004000 b3:02 661178                     /usr/lib/jvm/java-11-openjdk-amd64/lib/libmanagement_ext.so
7f3c7f9e2000-7f3c7f9e3000 rw-p 00005000 b3:02 661178                     /usr/lib/jvm/java-11-openjdk-amd64/lib/libmanagement_ext.so
7f3c7f9e3000-7f3c7f9e7000 r-xp 00000000 b3:02 661174                     /usr/lib/jvm/java-11-openjdk-amd64/lib/libmanagement.so
7f3c7f9e7000-7f3c7fbe6000 ---p 00004000 b3:02 661174                     /usr/lib/jvm/java-11-openjdk-amd64/lib/libmanagement.so
7f3c7fbe6000-7f3c7fbe7000 r--p 00003000 b3:02 661174                     /usr/lib/jvm/java-11-openjdk-amd64/lib/libmanagement.so
7f3c7fbe7000-7f3c7fbe8000 rw-p 00004000 b3:02 661174                     /usr/lib/jvm/java-11-openjdk-amd64/lib/libmanagement.so
7f3c7fbe8000-7f3c7fbe9000 r-xp 00000000 b3:02 1326279                    /tmp/libjansi-64-git-Spigot-5e4e7f3-2349feb-16664655571578210333.so
7f3c7fbe9000-7f3c7fde8000 ---p 00001000 b3:02 1326279                    /tmp/libjansi-64-git-Spigot-5e4e7f3-2349feb-16664655571578210333.so
7f3c7fde8000-7f3c7fde9000 rw-p 00000000 b3:02 1326279                    /tmp/libjansi-64-git-Spigot-5e4e7f3-2349feb-16664655571578210333.so
7f3c7fde9000-7f3c7fdff000 r-xp 00000000 b3:02 661184                     /usr/lib/jvm/java-11-openjdk-amd64/lib/libnet.so
7f3c7fdff000-7f3c7fffe000 ---p 00016000 b3:02 661184                     /usr/lib/jvm/java-11-openjdk-amd64/lib/libnet.so
7f3c7fffe000-7f3c7ffff000 r--p 00015000 b3:02 661184                     /usr/lib/jvm/java-11-openjdk-amd64/lib/libnet.so
7f3c7ffff000-7f3c80000000 rw-p 00016000 b3:02 661184                     /usr/lib/jvm/java-11-openjdk-amd64/lib/libnet.so
7f3c80000000-7f3c80021000 rw-p 00000000 00:00 0 
7f3c80021000-7f3c84000000 ---p 00000000 00:00 0 
7f3c84000000-7f3c84021000 rw-p 00000000 00:00 0 
7f3c84021000-7f3c88000000 ---p 00000000 00:00 0 
7f3c88000000-7f3c88705000 rw-p 00000000 00:00 0 
7f3c88705000-7f3c8c000000 ---p 00000000 00:00 0 
7f3c8c000000-7f3c8c043000 rw-p 00000000 00:00 0 
7f3c8c043000-7f3c90000000 ---p 00000000 00:00 0 
7f3c90000000-7f3c90021000 rw-p 00000000 00:00 0 
7f3c90021000-7f3c94000000 ---p 00000000 00:00 0 
7f3c94000000-7f3c95036000 rw-p 00000000 00:00 0 
7f3c95036000-7f3c98000000 ---p 00000000 00:00 0 
7f3c98000000-7f3c98021000 rw-p 00000000 00:00 0 
7f3c98021000-7f3c9c000000 ---p 00000000 00:00 0 
7f3c9c000000-7f3c9c021000 rw-p 00000000 00:00 0 
7f3c9c021000-7f3ca0000000 ---p 00000000 00:00 0 
7f3ca0000000-7f3ca0021000 rw-p 00000000 00:00 0 
7f3ca0021000-7f3ca4000000 ---p 00000000 00:00 0 
7f3ca4000000-7f3ca40bb000 rw-p 00000000 00:00 0 
7f3ca40bb000-7f3ca8000000 ---p 00000000 00:00 0 
7f3ca8000000-7f3ca8021000 rw-p 00000000 00:00 0 
7f3ca8021000-7f3cac000000 ---p 00000000 00:00 0 
7f3cac000000-7f3cac021000 rw-p 00000000 00:00 0 
7f3cac021000-7f3cb0000000 ---p 00000000 00:00 0 
7f3cb0000000-7f3cb0021000 rw-p 00000000 00:00 0 
7f3cb0021000-7f3cb4000000 ---p 00000000 00:00 0 
7f3cb40fe000-7f3cb40ff000 ---p 00000000 00:00 0 
7f3cb40ff000-7f3cb4200000 rw-p 00000000 00:00 0 
7f3cb4200000-7f3cb4210000 r-xp 00000000 b3:02 661186                     /usr/lib/jvm/java-11-openjdk-amd64/lib/libnio.so
7f3cb4210000-7f3cb440f000 ---p 00010000 b3:02 661186                     /usr/lib/jvm/java-11-openjdk-amd64/lib/libnio.so
7f3cb440f000-7f3cb4410000 r--p 0000f000 b3:02 661186                     /usr/lib/jvm/java-11-openjdk-amd64/lib/libnio.so
7f3cb4410000-7f3cb4411000 rw-p 00010000 b3:02 661186                     /usr/lib/jvm/java-11-openjdk-amd64/lib/libnio.so
7f3cb4411000-7f3cb4415000 ---p 00000000 00:00 0 
7f3cb4415000-7f3cb4512000 rw-p 00000000 00:00 0 
7f3cb4512000-7f3cb4513000 ---p 00000000 00:00 0 
7f3cb4513000-7f3cb4614000 rw-p 00000000 00:00 0 
7f3cb4614000-7f3cb4618000 ---p 00000000 00:00 0 
7f3cb4618000-7f3cb4715000 rw-p 00000000 00:00 0 
7f3cb4715000-7f3cb4719000 ---p 00000000 00:00 0 
7f3cb4719000-7f3cb4816000 rw-p 00000000 00:00 0 
7f3cb4816000-7f3cb481a000 ---p 00000000 00:00 0 
7f3cb481a000-7f3cb4917000 rw-p 00000000 00:00 0 
7f3cb4917000-7f3cb491b000 ---p 00000000 00:00 0 
7f3cb491b000-7f3cb4a18000 rw-p 00000000 00:00 0 
7f3cb4a18000-7f3cb4a1c000 ---p 00000000 00:00 0 
7f3cb4a1c000-7f3cb4b19000 rw-p 00000000 00:00 0 
7f3cb4b19000-7f3cb4df7000 r--p 00000000 b3:02 662811                     /usr/lib/locale/locale-archive
7f3cb4df7000-7f3cb4dfb000 ---p 00000000 00:00 0 
7f3cb4dfb000-7f3cb4ef8000 rw-p 00000000 00:00 0 
7f3cb4ef8000-7f3cb4efc000 ---p 00000000 00:00 0 
7f3cb4efc000-7f3cb4ff9000 rw-p 00000000 00:00 0 
7f3cb4ff9000-7f3cb4ffa000 ---p 00000000 00:00 0 
7f3cb4ffa000-7f3cb58fb000 rw-p 00000000 00:00 0 
7f3cb58fb000-7f3cb58fc000 ---p 00000000 00:00 0 
7f3cb58fc000-7f3cb59fd000 rw-p 00000000 00:00 0 
7f3cb59fd000-7f3cb59fe000 ---p 00000000 00:00 0 
7f3cb59fe000-7f3cb8050000 rw-p 00000000 00:00 0 
7f3cb8050000-7f3cb9bf8000 ---p 00000000 00:00 0 
7f3cb9bf8000-7f3cba050000 rw-p 00000000 00:00 0 
7f3cba050000-7f3cbbbf8000 ---p 00000000 00:00 0 
7f3cbbbf8000-7f3cbbc8a000 rw-p 00000000 00:00 0 
7f3cbbc8a000-7f3cbbfff000 ---p 00000000 00:00 0 
7f3cbbfff000-7f3cbc000000 rw-p 00000000 00:00 0 
7f3cbc000000-7f3cbc021000 rw-p 00000000 00:00 0 
7f3cbc021000-7f3cc0000000 ---p 00000000 00:00 0 
7f3cc0055000-7f3cc01e0000 rw-p 00000000 00:00 0 
7f3cc01e0000-7f3cc0555000 ---p 00000000 00:00 0 
7f3cc0555000-7f3cc05e0000 rw-p 00000000 00:00 0 
7f3cc05e0000-7f3cc0955000 ---p 00000000 00:00 0 
7f3cc0955000-7f3cc0956000 rw-p 00000000 00:00 0 
7f3cc0956000-7f3cc0bc6000 rwxp 00000000 00:00 0 
7f3cc0bc6000-7f3cc0ee5000 ---p 00000000 00:00 0 
7f3cc0ee5000-7f3cc15e5000 rwxp 00000000 00:00 0 
7f3cc15e5000-7f3cc841d000 ---p 00000000 00:00 0 
7f3cc841d000-7f3cc868d000 rwxp 00000000 00:00 0 
7f3cc868d000-7f3ccf956000 ---p 00000000 00:00 0 
7f3ccf956000-7f3cd8000000 r--s 00000000 b3:02 661196                     /usr/lib/jvm/java-11-openjdk-amd64/lib/modules
7f3cd8000000-7f3cd8b38000 rw-p 00000000 00:00 0 
7f3cd8b38000-7f3cdc000000 ---p 00000000 00:00 0 
7f3cdc04d000-7f3cdc0ce000 rw-p 00000000 00:00 0 
7f3cdc0ce000-7f3cdc0cf000 ---p 00000000 00:00 0 
7f3cdc0cf000-7f3cdc1d0000 rw-p 00000000 00:00 0 
7f3cdc1d0000-7f3cdc1d1000 ---p 00000000 00:00 0 
7f3cdc1d1000-7f3cdc4d4000 rw-p 00000000 00:00 0 
7f3cdc4d4000-7f3cdc4d5000 ---p 00000000 00:00 0 
7f3cdc4d5000-7f3cdc5db000 rw-p 00000000 00:00 0 
7f3cdc5db000-7f3cdc6c1000 ---p 00000000 00:00 0 
7f3cdc6c1000-7f3cdc6cf000 rw-p 00000000 00:00 0 
7f3cdc6cf000-7f3cdc7ac000 ---p 00000000 00:00 0 
7f3cdc7ac000-7f3cdc7b1000 r-xp 00000000 b3:02 661166                     /usr/lib/jvm/java-11-openjdk-amd64/lib/libjimage.so
7f3cdc7b1000-7f3cdc9b0000 ---p 00005000 b3:02 661166                     /usr/lib/jvm/java-11-openjdk-amd64/lib/libjimage.so
7f3cdc9b0000-7f3cdc9b1000 r--p 00004000 b3:02 661166                     /usr/lib/jvm/java-11-openjdk-amd64/lib/libjimage.so
7f3cdc9b1000-7f3cdc9b2000 rw-p 00005000 b3:02 661166                     /usr/lib/jvm/java-11-openjdk-amd64/lib/libjimage.so
7f3cdc9b2000-7f3cdc9b9000 r-xp 00000000 b3:02 661195                     /usr/lib/jvm/java-11-openjdk-amd64/lib/libzip.so
7f3cdc9b9000-7f3cdcbb8000 ---p 00007000 b3:02 661195                     /usr/lib/jvm/java-11-openjdk-amd64/lib/libzip.so
7f3cdcbb8000-7f3cdcbb9000 r--p 00006000 b3:02 661195                     /usr/lib/jvm/java-11-openjdk-amd64/lib/libzip.so
7f3cdcbb9000-7f3cdcbba000 rw-p 00007000 b3:02 661195                     /usr/lib/jvm/java-11-openjdk-amd64/lib/libzip.so
7f3cdcbba000-7f3cdcbc5000 r-xp 00000000 b3:02 1578736                    /lib/x86_64-linux-gnu/libnss_files-2.27.so
7f3cdcbc5000-7f3cdcdc4000 ---p 0000b000 b3:02 1578736                    /lib/x86_64-linux-gnu/libnss_files-2.27.so
7f3cdcdc4000-7f3cdcdc5000 r--p 0000a000 b3:02 1578736                    /lib/x86_64-linux-gnu/libnss_files-2.27.so
7f3cdcdc5000-7f3cdcdc6000 rw-p 0000b000 b3:02 1578736                    /lib/x86_64-linux-gnu/libnss_files-2.27.so
7f3cdcdc6000-7f3cdcdcc000 rw-p 00000000 00:00 0 
7f3cdcdcc000-7f3cdcde3000 r-xp 00000000 b3:02 1578730                    /lib/x86_64-linux-gnu/libnsl-2.27.so
7f3cdcde3000-7f3cdcfe2000 ---p 00017000 b3:02 1578730                    /lib/x86_64-linux-gnu/libnsl-2.27.so
7f3cdcfe2000-7f3cdcfe3000 r--p 00016000 b3:02 1578730                    /lib/x86_64-linux-gnu/libnsl-2.27.so
7f3cdcfe3000-7f3cdcfe4000 rw-p 00017000 b3:02 1578730                    /lib/x86_64-linux-gnu/libnsl-2.27.so
7f3cdcfe4000-7f3cdcfe6000 rw-p 00000000 00:00 0 
7f3cdcfe6000-7f3cdcff1000 r-xp 00000000 b3:02 1578747                    /lib/x86_64-linux-gnu/libnss_nis-2.27.so
7f3cdcff1000-7f3cdd1f0000 ---p 0000b000 b3:02 1578747                    /lib/x86_64-linux-gnu/libnss_nis-2.27.so
7f3cdd1f0000-7f3cdd1f1000 r--p 0000a000 b3:02 1578747                    /lib/x86_64-linux-gnu/libnss_nis-2.27.so
7f3cdd1f1000-7f3cdd1f2000 rw-p 0000b000 b3:02 1578747                    /lib/x86_64-linux-gnu/libnss_nis-2.27.so
7f3cdd1f2000-7f3cdd1fa000 r-xp 00000000 b3:02 1578732                    /lib/x86_64-linux-gnu/libnss_compat-2.27.so
7f3cdd1fa000-7f3cdd3fa000 ---p 00008000 b3:02 1578732                    /lib/x86_64-linux-gnu/libnss_compat-2.27.so
7f3cdd3fa000-7f3cdd3fb000 r--p 00008000 b3:02 1578732                    /lib/x86_64-linux-gnu/libnss_compat-2.27.so
7f3cdd3fb000-7f3cdd3fc000 rw-p 00009000 b3:02 1578732                    /lib/x86_64-linux-gnu/libnss_compat-2.27.so
7f3cdd3fc000-7f3cdd425000 r-xp 00000000 b3:02 661158                     /usr/lib/jvm/java-11-openjdk-amd64/lib/libjava.so
7f3cdd425000-7f3cdd624000 ---p 00029000 b3:02 661158                     /usr/lib/jvm/java-11-openjdk-amd64/lib/libjava.so
7f3cdd624000-7f3cdd625000 r--p 00028000 b3:02 661158                     /usr/lib/jvm/java-11-openjdk-amd64/lib/libjava.so
7f3cdd625000-7f3cdd627000 rw-p 00029000 b3:02 661158                     /usr/lib/jvm/java-11-openjdk-amd64/lib/libjava.so
7f3cdd627000-7f3cdd634000 r-xp 00000000 b3:02 661193                     /usr/lib/jvm/java-11-openjdk-amd64/lib/libverify.so
7f3cdd634000-7f3cdd833000 ---p 0000d000 b3:02 661193                     /usr/lib/jvm/java-11-openjdk-amd64/lib/libverify.so
7f3cdd833000-7f3cdd835000 r--p 0000c000 b3:02 661193                     /usr/lib/jvm/java-11-openjdk-amd64/lib/libverify.so
7f3cdd835000-7f3cdd836000 rw-p 0000e000 b3:02 661193                     /usr/lib/jvm/java-11-openjdk-amd64/lib/libverify.so
7f3cdd836000-7f3cdd83d000 r-xp 00000000 b3:02 1578787                    /lib/x86_64-linux-gnu/librt-2.27.so
7f3cdd83d000-7f3cdda3c000 ---p 00007000 b3:02 1578787                    /lib/x86_64-linux-gnu/librt-2.27.so
7f3cdda3c000-7f3cdda3d000 r--p 00006000 b3:02 1578787                    /lib/x86_64-linux-gnu/librt-2.27.so
7f3cdda3d000-7f3cdda3e000 rw-p 00007000 b3:02 1578787                    /lib/x86_64-linux-gnu/librt-2.27.so
7f3cdda3e000-7f3cdda55000 r-xp 00000000 b3:02 1634068                    /lib/x86_64-linux-gnu/libgcc_s.so.1
7f3cdda55000-7f3cddc54000 ---p 00017000 b3:02 1634068                    /lib/x86_64-linux-gnu/libgcc_s.so.1
7f3cddc54000-7f3cddc55000 r--p 00016000 b3:02 1634068                    /lib/x86_64-linux-gnu/libgcc_s.so.1
7f3cddc55000-7f3cddc56000 rw-p 00017000 b3:02 1634068                    /lib/x86_64-linux-gnu/libgcc_s.so.1
7f3cddc56000-7f3cdddf3000 r-xp 00000000 b3:02 1578709                    /lib/x86_64-linux-gnu/libm-2.27.so
7f3cdddf3000-7f3cddff2000 ---p 0019d000 b3:02 1578709                    /lib/x86_64-linux-gnu/libm-2.27.so
7f3cddff2000-7f3cddff3000 r--p 0019c000 b3:02 1578709                    /lib/x86_64-linux-gnu/libm-2.27.so
7f3cddff3000-7f3cddff4000 rw-p 0019d000 b3:02 1578709                    /lib/x86_64-linux-gnu/libm-2.27.so
7f3cddff4000-7f3cde16d000 r-xp 00000000 b3:02 664964                     /usr/lib/x86_64-linux-gnu/libstdc++.so.6.0.25
7f3cde16d000-7f3cde36d000 ---p 00179000 b3:02 664964                     /usr/lib/x86_64-linux-gnu/libstdc++.so.6.0.25
7f3cde36d000-7f3cde377000 r--p 00179000 b3:02 664964                     /usr/lib/x86_64-linux-gnu/libstdc++.so.6.0.25
7f3cde377000-7f3cde379000 rw-p 00183000 b3:02 664964                     /usr/lib/x86_64-linux-gnu/libstdc++.so.6.0.25
7f3cde379000-7f3cde37d000 rw-p 00000000 00:00 0 
7f3cde37d000-7f3cdf449000 r-xp 00000000 b3:02 661205                     /usr/lib/jvm/java-11-openjdk-amd64/lib/server/libjvm.so
7f3cdf449000-7f3cdf648000 ---p 010cc000 b3:02 661205                     /usr/lib/jvm/java-11-openjdk-amd64/lib/server/libjvm.so
7f3cdf648000-7f3cdf705000 r--p 010cb000 b3:02 661205                     /usr/lib/jvm/java-11-openjdk-amd64/lib/server/libjvm.so
7f3cdf705000-7f3cdf73e000 rw-p 01188000 b3:02 661205                     /usr/lib/jvm/java-11-openjdk-amd64/lib/server/libjvm.so
7f3cdf73e000-7f3cdf794000 rw-p 00000000 00:00 0 
7f3cdf794000-7f3cdf7ae000 r-xp 00000000 b3:02 1578779                    /lib/x86_64-linux-gnu/libpthread-2.27.so
7f3cdf7ae000-7f3cdf9ad000 ---p 0001a000 b3:02 1578779                    /lib/x86_64-linux-gnu/libpthread-2.27.so
7f3cdf9ad000-7f3cdf9ae000 r--p 00019000 b3:02 1578779                    /lib/x86_64-linux-gnu/libpthread-2.27.so
7f3cdf9ae000-7f3cdf9af000 rw-p 0001a000 b3:02 1578779                    /lib/x86_64-linux-gnu/libpthread-2.27.so
7f3cdf9af000-7f3cdf9b3000 rw-p 00000000 00:00 0 
7f3cdf9b3000-7f3cdf9b6000 r-xp 00000000 b3:02 1578669                    /lib/x86_64-linux-gnu/libdl-2.27.so
7f3cdf9b6000-7f3cdfbb5000 ---p 00003000 b3:02 1578669                    /lib/x86_64-linux-gnu/libdl-2.27.so
7f3cdfbb5000-7f3cdfbb6000 r--p 00002000 b3:02 1578669                    /lib/x86_64-linux-gnu/libdl-2.27.so
7f3cdfbb6000-7f3cdfbb7000 rw-p 00003000 b3:02 1578669                    /lib/x86_64-linux-gnu/libdl-2.27.so
7f3cdfbb7000-7f3cdfbd3000 r-xp 00000000 b3:02 1578820                    /lib/x86_64-linux-gnu/libz.so.1.2.11
7f3cdfbd3000-7f3cdfdd2000 ---p 0001c000 b3:02 1578820                    /lib/x86_64-linux-gnu/libz.so.1.2.11
7f3cdfdd2000-7f3cdfdd3000 r--p 0001b000 b3:02 1578820                    /lib/x86_64-linux-gnu/libz.so.1.2.11
7f3cdfdd3000-7f3cdfdd4000 rw-p 0001c000 b3:02 1578820                    /lib/x86_64-linux-gnu/libz.so.1.2.11
7f3cdfdd4000-7f3cdffbb000 r-xp 00000000 b3:02 1578646                    /lib/x86_64-linux-gnu/libc-2.27.so
7f3cdffbb000-7f3ce01bb000 ---p 001e7000 b3:02 1578646                    /lib/x86_64-linux-gnu/libc-2.27.so
7f3ce01bb000-7f3ce01bf000 r--p 001e7000 b3:02 1578646                    /lib/x86_64-linux-gnu/libc-2.27.so
7f3ce01bf000-7f3ce01c1000 rw-p 001eb000 b3:02 1578646                    /lib/x86_64-linux-gnu/libc-2.27.so
7f3ce01c1000-7f3ce01c5000 rw-p 00000000 00:00 0 
7f3ce01c5000-7f3ce01d5000 r-xp 00000000 b3:02 661130                     /usr/lib/jvm/java-11-openjdk-amd64/lib/jli/libjli.so
7f3ce01d5000-7f3ce03d4000 ---p 00010000 b3:02 661130                     /usr/lib/jvm/java-11-openjdk-amd64/lib/jli/libjli.so
7f3ce03d4000-7f3ce03d5000 r--p 0000f000 b3:02 661130                     /usr/lib/jvm/java-11-openjdk-amd64/lib/jli/libjli.so
7f3ce03d5000-7f3ce03d6000 rw-p 00010000 b3:02 661130                     /usr/lib/jvm/java-11-openjdk-amd64/lib/jli/libjli.so
7f3ce03d6000-7f3ce03fd000 r-xp 00000000 b3:02 1578618                    /lib/x86_64-linux-gnu/ld-2.27.so
7f3ce0411000-7f3ce0415000 ---p 00000000 00:00 0 
7f3ce0415000-7f3ce04d3000 rw-p 00000000 00:00 0 
7f3ce04d3000-7f3ce04d7000 ---p 00000000 00:00 0 
7f3ce04d7000-7f3ce05d6000 rw-p 00000000 00:00 0 
7f3ce05e3000-7f3ce05e8000 rw-p 00000000 00:00 0 
7f3ce05e8000-7f3ce05ef000 ---p 00000000 00:00 0 
7f3ce05ef000-7f3ce05f1000 r--s 00007000 b3:02 1048858                    /usr/share/java/java-atk-wrapper.jar
7f3ce05f1000-7f3ce05f9000 rw-s 00000000 b3:02 1316295                    /tmp/hsperfdata_root/27019
7f3ce05f9000-7f3ce05fa000 ---p 00000000 00:00 0 
7f3ce05fa000-7f3ce05fb000 r--p 00000000 00:00 0 
7f3ce05fb000-7f3ce05fd000 rw-p 00000000 00:00 0 
7f3ce05fd000-7f3ce05fe000 r--p 00027000 b3:02 1578618                    /lib/x86_64-linux-gnu/ld-2.27.so
7f3ce05fe000-7f3ce05ff000 rw-p 00028000 b3:02 1578618                    /lib/x86_64-linux-gnu/ld-2.27.so
7f3ce05ff000-7f3ce0600000 rw-p 00000000 00:00 0 
7ffd91f51000-7ffd91f72000 rw-p 00000000 00:00 0                          [stack]
7ffd91f84000-7ffd91f87000 r--p 00000000 00:00 0                          [vvar]
7ffd91f87000-7ffd91f89000 r-xp 00000000 00:00 0                          [vdso]
ffffffffff600000-ffffffffff601000 r-xp 00000000 00:00 0                  [vsyscall]


VM Arguments:
jvm_args: -Xmx2G 
java_command: ./spigot/spigot-1.12.jar nogui
java_class_path (initial): ./spigot/spigot-1.12.jar
Launcher Type: SUN_STANDARD

[Global flags]
     intx CICompilerCount                          = 2                                         {product} {ergonomic}
     uint ConcGCThreads                            = 1                                         {product} {ergonomic}
     uint G1ConcRefinementThreads                  = 2                                         {product} {ergonomic}
   size_t G1HeapRegionSize                         = 1048576                                   {product} {ergonomic}
    uintx GCDrainStackTargetSize                   = 64                                        {product} {ergonomic}
   size_t InitialHeapSize                          = 65011712                                  {product} {ergonomic}
   size_t MarkStackSize                            = 4194304                                   {product} {ergonomic}
   size_t MaxHeapSize                              = 2147483648                                {product} {command line}
   size_t MaxNewSize                               = 1287651328                                {product} {ergonomic}
   size_t MinHeapDeltaBytes                        = 1048576                                   {product} {ergonomic}
    uintx NonNMethodCodeHeapSize                   = 5824844                                {pd product} {ergonomic}
    uintx NonProfiledCodeHeapSize                  = 122916698                              {pd product} {ergonomic}
    uintx ProfiledCodeHeapSize                     = 122916698                              {pd product} {ergonomic}
    uintx ReservedCodeCacheSize                    = 251658240                              {pd product} {ergonomic}
     bool SegmentedCodeCache                       = true                                      {product} {ergonomic}
     bool UseCompressedClassPointers               = true                                 {lp64_product} {ergonomic}
     bool UseCompressedOops                        = true                                 {lp64_product} {ergonomic}
     bool UseG1GC                                  = true                                      {product} {ergonomic}

Logging:
Log output configuration:
 #0: stdout all=warning uptime,level,tags
 #1: stderr all=off uptime,level,tags

Environment Variables:
PATH=/usr/local/sbin:/usr/local/bin:/usr/sbin:/usr/bin:/sbin:/bin:/snap/bin
USERNAME=root
SHELL=/bin/bash
DISPLAY=:0

Signal Handlers:
SIGSEGV: [libjvm.so+0xde5f50], sa_mask[0]=11111111011111111101111111111110, sa_flags=SA_RESTART|SA_SIGINFO
SIGBUS: [libjvm.so+0xde5f50], sa_mask[0]=11111111011111111101111111111110, sa_flags=SA_RESTART|SA_SIGINFO
SIGFPE: [libjvm.so+0xde5f50], sa_mask[0]=11111111011111111101111111111110, sa_flags=SA_RESTART|SA_SIGINFO
SIGPIPE: [libjvm.so+0xbba5b0], sa_mask[0]=11111111011111111101111111111110, sa_flags=SA_RESTART|SA_SIGINFO
SIGXFSZ: [libjvm.so+0xbba5b0], sa_mask[0]=11111111011111111101111111111110, sa_flags=SA_RESTART|SA_SIGINFO
SIGILL: [libjvm.so+0xde5f50], sa_mask[0]=11111111011111111101111111111110, sa_flags=SA_RESTART|SA_SIGINFO
SIGUSR2: [libjvm.so+0xbba450], sa_mask[0]=00000000000000000000000000000000, sa_flags=SA_RESTART|SA_SIGINFO
SIGHUP: [libjvm.so+0xbba7b0], sa_mask[0]=11111111011111111101111111111110, sa_flags=SA_RESTART|SA_SIGINFO
SIGINT: [libjvm.so+0xbba7b0], sa_mask[0]=11111111011111111101111111111110, sa_flags=SA_RESTART|SA_SIGINFO
SIGTERM: [libjvm.so+0xbba7b0], sa_mask[0]=11111111011111111101111111111110, sa_flags=SA_RESTART|SA_SIGINFO
SIGQUIT: [libjvm.so+0xbba7b0], sa_mask[0]=11111111011111111101111111111110, sa_flags=SA_RESTART|SA_SIGINFO


---------------  S Y S T E M  ---------------

OS:DISTRIB_ID=LinuxMint
DISTRIB_RELEASE=19.1
DISTRIB_CODENAME=tessa
DISTRIB_DESCRIPTION="Linux Mint 19.1 Tessa"
uname:Linux 4.15.0-20-generic #21-Ubuntu SMP Tue Apr 24 06:16:15 UTC 2018 x86_64
libc:glibc 2.27 NPTL 2.27 
rlimit: STACK 8192k, CORE 0k, NPROC 14956, NOFILE 1048576, AS infinity, DATA infinity, FSIZE infinity
load average:4.47 3.30 3.40

/proc/meminfo:
MemTotal:        3943484 kB
MemFree:          111880 kB
MemAvailable:      69968 kB
Buffers:            2164 kB
Cached:           441484 kB
SwapCached:         8020 kB
Active:          2962720 kB
Inactive:         629908 kB
Active(anon):    2891212 kB
Inactive(anon):   577576 kB
Active(file):      71508 kB
Inactive(file):    52332 kB
Unevictable:         284 kB
Mlocked:             284 kB
SwapTotal:       1392256 kB
SwapFree:          50444 kB
Dirty:               948 kB
Writeback:             0 kB
AnonPages:       3142124 kB
Mapped:           249764 kB
Shmem:            319596 kB
Slab:              94148 kB
SReclaimable:      40880 kB
SUnreclaim:        53268 kB
KernelStack:       14368 kB
PageTables:        63964 kB
NFS_Unstable:          0 kB
Bounce:                0 kB
WritebackTmp:          0 kB
CommitLimit:     3363996 kB
Committed_AS:   11483428 kB
VmallocTotal:   34359738367 kB
VmallocUsed:           0 kB
VmallocChunk:          0 kB
HardwareCorrupted:     0 kB
AnonHugePages:         0 kB
ShmemHugePages:        0 kB
ShmemPmdMapped:        0 kB
CmaTotal:              0 kB
CmaFree:               0 kB
HugePages_Total:       0
HugePages_Free:        0
HugePages_Rsvd:        0
HugePages_Surp:        0
Hugepagesize:       2048 kB
DirectMap4k:      528448 kB
DirectMap2M:     3569664 kB


/proc/sys/kernel/threads-max (system-wide limit on the number of threads):
29912


/proc/sys/vm/max_map_count (maximum number of memory map areas a process may have):
65530


/proc/sys/kernel/pid_max (system-wide limit on number of process identifiers):
32768



container (cgroup) information:
container_type: cgroupv1
cpu_cpuset_cpus: 0-1
cpu_memory_nodes: 0
active_processor_count: 2
cpu_quota: -1
cpu_period: 100000
cpu_shares: -1
memory_limit_in_bytes: -1
memory_and_swap_limit_in_bytes: -2
memory_soft_limit_in_bytes: -1
memory_usage_in_bytes: 3673292800
memory_max_usage_in_bytes: 21131264

Steal ticks since vm start: 0
Steal ticks percentage since vm start:  0.000

CPU:total 2 (initial active 2) (2 cores per cpu, 1 threads per core) family 6 model 76 stepping 4, cmov, cx8, fxsr, mmx, sse, sse2, sse3, ssse3, sse4.1, sse4.2, popcnt, aes, clmul, erms, 3dnowpref, tsc, tscinvbit
CPU Model and flags from /proc/cpuinfo:
model name	: Intel(R) Celeron(R) CPU  N3060  @ 1.60GHz
flags		: fpu vme de pse tsc msr pae mce cx8 apic sep mtrr pge mca cmov pat pse36 clflush dts acpi mmx fxsr sse sse2 ss ht tm pbe syscall nx rdtscp lm constant_tsc arch_perfmon pebs bts rep_good nopl xtopology tsc_reliable nonstop_tsc cpuid aperfmperf tsc_known_freq pni pclmulqdq dtes64 monitor ds_cpl vmx est tm2 ssse3 cx16 xtpr pdcm sse4_1 sse4_2 movbe popcnt tsc_deadline_timer aes rdrand lahf_lm 3dnowprefetch epb pti tpr_shadow vnmi flexpriority ept vpid tsc_adjust smep erms dtherm ida arat

Memory: 4k page, physical 3943484k(111756k free), swap 1392256k(50444k free)

vm_info: OpenJDK 64-Bit Server VM (11.0.4+11-post-Ubuntu-1ubuntu218.04.3) for linux-amd64 JRE (11.0.4+11-post-Ubuntu-1ubuntu218.04.3), built on Jul 18 2019 18:21:46 by "buildd" with gcc 7.4.0

END.
